#
# There is insufficient memory for the Java Runtime Environment to continue.
# Native memory allocation (malloc) failed to allocate 1141728 bytes for Chunk::new
# Possible reasons:
#   The system is out of physical RAM or swap space
#   The process is running with CompressedOops enabled, and the Java Heap may be blocking the growth of the native heap
# Possible solutions:
#   Reduce memory load on the system
#   Increase physical memory or swap space
#   Check if swap backing store is full
#   Decrease Java heap size (-Xmx/-Xms)
#   Decrease number of Java threads
#   Decrease Java thread stack sizes (-Xss)
#   Set larger code cache with -XX:ReservedCodeCacheSize=
#   JVM is running with Unscaled Compressed Oops mode in which the Java heap is
#     placed in the first 4GB address space. The Java Heap base address is the
#     maximum limit for the native heap growth. Please use -XX:HeapBaseMinAddress
#     to set the Java Heap base and to place the Java Heap above 4GB virtual address.
# This output file may be truncated or incomplete.
#
#  Out of Memory Error (arena.cpp:184), pid=10416, tid=6780
#
# JRE version: OpenJDK Runtime Environment (20.0.1+9) (build 20.0.1+9-29)
# Java VM: OpenJDK 64-Bit Server VM (20.0.1+9-29, mixed mode, sharing, tiered, compressed oops, compressed class ptrs, g1 gc, windows-amd64)
# No core dump will be written. Minidumps are not enabled by default on client versions of Windows
#

---------------  S U M M A R Y ------------

Command Line: -agentlib:jdwp=transport=dt_socket,address=127.0.0.1:53388,suspend=y,server=n -javaagent:C:\Users\Asus\AppData\Local\JetBrains\IdeaIC2023.1\captureAgent\debugger-agent.jar -Dfile.encoding=UTF-8 -Dsun.stdout.encoding=UTF-8 -Dsun.stderr.encoding=UTF-8 com.example.rental.RentalApplication

Host: AMD Ryzen 5 5500U with Radeon Graphics         , 12 cores, 7G,  Windows 10 , 64 bit Build 19041 (10.0.19041.5198)
Time: Sun Dec 22 06:14:19 2024 RTZ 2 (s 10 , 64 bit Build 19041 (10.0.19041.5198) elapsed time: 10.076437 seconds (0d 0h 0m 10s)

---------------  T H R E A D  ---------------

Current thread (0x0000027803f4aba0):  JavaThread "C2 CompilerThread0" daemon [_thread_in_native, id=6780, stack(0x000000a500f00000,0x000000a501000000)]


Current CompileTask:
C2:  10076 2797   !   4       java.net.URL::<init> (543 bytes)

Stack: [0x000000a500f00000,0x000000a501000000]
Native frames: (J=compiled Java code, j=interpreted, Vv=VM code, C=native code)
V  [jvm.dll+0x6bb95a]
V  [jvm.dll+0x8485fa]
V  [jvm.dll+0x84a1f5]
V  [jvm.dll+0x84a8f3]
V  [jvm.dll+0x280b0f]
V  [jvm.dll+0xc2b11]
V  [jvm.dll+0xc2e35]
V  [jvm.dll+0x3bb17c]
V  [jvm.dll+0x1e6c43]
V  [jvm.dll+0x24b3ab]
V  [jvm.dll+0x24a651]
V  [jvm.dll+0x1ce491]
V  [jvm.dll+0x259e1b]
V  [jvm.dll+0x2584f0]
V  [jvm.dll+0x3f2895]
V  [jvm.dll+0x7f4b56]
V  [jvm.dll+0x6ba5cb]
C  [ucrtbase.dll+0x21bb2]
C  [KERNEL32.DLL+0x17374]
C  [ntdll.dll+0x4cc91]


---------------  P R O C E S S  ---------------

Threads class SMR info:
_java_thread_list=0x000002780991f540, length=14, elements={
0x0000027867255180, 0x0000027803f3e550, 0x0000027803f3f150, 0x0000027803f404f0,
0x0000027803f44e00, 0x0000027803f45740, 0x0000027803f46080, 0x0000027803f4aba0,
0x0000027803f4f6a0, 0x00000278081e4da0, 0x0000027808281720, 0x00000278082d56a0,
0x00000278082d5c00, 0x00000278083085d0
}

Java Threads: ( => current thread )
  0x0000027867255180 JavaThread "main" [_thread_in_native, id=25864, stack(0x000000a500200000,0x000000a500300000)]
  0x0000027803f3e550 JavaThread "Reference Handler" daemon [_thread_blocked, id=20368, stack(0x000000a500900000,0x000000a500a00000)]
  0x0000027803f3f150 JavaThread "Finalizer" daemon [_thread_blocked, id=4472, stack(0x000000a500a00000,0x000000a500b00000)]
  0x0000027803f404f0 JavaThread "Signal Dispatcher" daemon [_thread_blocked, id=24300, stack(0x000000a500b00000,0x000000a500c00000)]
  0x0000027803f44e00 JavaThread "Attach Listener" daemon [_thread_blocked, id=20240, stack(0x000000a500c00000,0x000000a500d00000)]
  0x0000027803f45740 JavaThread "Service Thread" daemon [_thread_blocked, id=22656, stack(0x000000a500d00000,0x000000a500e00000)]
  0x0000027803f46080 JavaThread "Monitor Deflation Thread" daemon [_thread_blocked, id=17016, stack(0x000000a500e00000,0x000000a500f00000)]
=>0x0000027803f4aba0 JavaThread "C2 CompilerThread0" daemon [_thread_in_native, id=6780, stack(0x000000a500f00000,0x000000a501000000)]
  0x0000027803f4f6a0 JavaThread "C1 CompilerThread0" daemon [_thread_blocked, id=21312, stack(0x000000a501000000,0x000000a501100000)]
  0x00000278081e4da0 JavaThread "Common-Cleaner" daemon [_thread_blocked, id=9924, stack(0x000000a501100000,0x000000a501200000)]
  0x0000027808281720 JavaThread "JDWP Transport Listener: dt_socket" daemon [_thread_blocked, id=23700, stack(0x000000a501200000,0x000000a501300000)]
  0x00000278082d56a0 JavaThread "JDWP Event Helper Thread" daemon [_thread_blocked, id=1452, stack(0x000000a501300000,0x000000a501400000)]
  0x00000278082d5c00 JavaThread "JDWP Command Reader" daemon [_thread_in_native, id=25464, stack(0x000000a501400000,0x000000a501500000)]
  0x00000278083085d0 JavaThread "Notification Thread" daemon [_thread_blocked, id=1308, stack(0x000000a501500000,0x000000a501600000)]

Other Threads:
  0x0000027803f1e820 VMThread "VM Thread" [stack: 0x000000a500800000,0x000000a500900000] [id=20692]
  0x00000278082d6bc0 WatcherThread "VM Periodic Task Thread" [stack: 0x000000a501600000,0x000000a501700000] [id=13976]
  0x00000278672b08f0 WorkerThread "GC Thread#0" [stack: 0x000000a500300000,0x000000a500400000] [id=10560]
  0x0000027808a35af0 WorkerThread "GC Thread#1" [stack: 0x000000a501700000,0x000000a501800000] [id=5928]
  0x0000027808fe3c30 WorkerThread "GC Thread#2" [stack: 0x000000a501800000,0x000000a501900000] [id=26508]
  0x0000027808a37750 WorkerThread "GC Thread#3" [stack: 0x000000a501900000,0x000000a501a00000] [id=5708]
  0x0000027808f73d50 WorkerThread "GC Thread#4" [stack: 0x000000a501a00000,0x000000a501b00000] [id=9852]
  0x0000027808f734e0 WorkerThread "GC Thread#5" [stack: 0x000000a501b00000,0x000000a501c00000] [id=300]
  0x0000027808f745c0 WorkerThread "GC Thread#6" [stack: 0x000000a501c00000,0x000000a501d00000] [id=26036]
  0x0000027808f729a0 WorkerThread "GC Thread#7" [stack: 0x000000a501d00000,0x000000a501e00000] [id=4008]
  0x0000027808f74020 WorkerThread "GC Thread#8" [stack: 0x000000a501e00000,0x000000a501f00000] [id=13700]
  0x0000027808f742f0 WorkerThread "GC Thread#9" [stack: 0x000000a501f00000,0x000000a502000000] [id=22264]
  0x00000278672c0620 ConcurrentGCThread "G1 Main Marker" [stack: 0x000000a500400000,0x000000a500500000] [id=20108]
  0x00000278672c1050 WorkerThread "G1 Conc#0" [stack: 0x000000a500500000,0x000000a500600000] [id=23424]
  0x000002786730ea20 ConcurrentGCThread "G1 Refine#0" [stack: 0x000000a500600000,0x000000a500700000] [id=2448]
  0x0000027803ddda80 ConcurrentGCThread "G1 Service" [stack: 0x000000a500700000,0x000000a500800000] [id=5880]

Threads with active compile tasks:
C2 CompilerThread0    10094 2797   !   4       java.net.URL::<init> (543 bytes)

VM state: not at safepoint (normal execution)

VM Mutex/Monitor currently owned by a thread: None

Heap address: 0x0000000089c00000, size: 1892 MB, Compressed Oops mode: 32-bit

CDS archive(s) mapped at: [0x0000000800000000-0x0000000800c60000-0x0000000800c60000), size 12976128, SharedBaseAddress: 0x0000000800000000, ArchiveRelocationMode: 0.
Compressed class space mapped at: 0x0000000801000000-0x0000000841000000, reserved size: 1073741824
Narrow klass base: 0x0000000800000000, Narrow klass shift: 0, Narrow klass range: 0x100000000

GC Precious Log:
 CardTable entry size: 512
 Card Set container configuration: InlinePtr #cards 5 size 8 Array Of Cards #cards 12 size 40 Howl #buckets 4 coarsen threshold 1843 Howl Bitmap #cards 512 size 80 coarsen threshold 460 Card regions per heap region 1 cards per card region 2048
 CPUs: 12 total, 12 available
 Memory: 7563M
 Large Page Support: Disabled
 NUMA Support: Disabled
 Compressed Oops: Enabled (32-bit)
 Heap Region Size: 1M
 Heap Min Capacity: 8M
 Heap Initial Capacity: 120M
 Heap Max Capacity: 1892M
 Pre-touch: Disabled
 Parallel Workers: 10
 Concurrent Workers: 3
 Concurrent Refinement Workers: 10
 Periodic GC: Disabled

Heap:
 garbage-first heap   total 122880K, used 59017K [0x0000000089c00000, 0x0000000100000000)
  region size 1024K, 52 young (53248K), 2 survivors (2048K)
 Metaspace       used 19433K, committed 19776K, reserved 1114112K
  class space    used 2302K, committed 2496K, reserved 1048576K

Heap Regions: E=young(eden), S=young(survivor), O=old, HS=humongous(starts), HC=humongous(continues), CS=collection set, F=free, OA=open archive, CA=closed archive, TAMS=top-at-mark-start, PB=parsable bottom
|   0|0x0000000089c00000, 0x0000000089d00000, 0x0000000089d00000|100%|HS|  |TAMS 0x0000000089c00000| PB 0x0000000089c00000| Complete 
|   1|0x0000000089d00000, 0x0000000089e00000, 0x0000000089e00000|100%|HS|  |TAMS 0x0000000089d00000| PB 0x0000000089d00000| Complete 
|   2|0x0000000089e00000, 0x0000000089f00000, 0x0000000089f00000|100%| O|  |TAMS 0x0000000089e00000| PB 0x0000000089e00000| Untracked 
|   3|0x0000000089f00000, 0x000000008a000000, 0x000000008a000000|100%| O|  |TAMS 0x0000000089f00000| PB 0x0000000089f00000| Untracked 
|   4|0x000000008a000000, 0x000000008a100000, 0x000000008a100000|100%| O|  |TAMS 0x000000008a000000| PB 0x000000008a000000| Untracked 
|   5|0x000000008a100000, 0x000000008a200000, 0x000000008a200000|100%| O|  |TAMS 0x000000008a100000| PB 0x000000008a100000| Untracked 
|   6|0x000000008a200000, 0x000000008a300000, 0x000000008a300000|100%| O|  |TAMS 0x000000008a200000| PB 0x000000008a200000| Untracked 
|   7|0x000000008a300000, 0x000000008a3dae00, 0x000000008a400000| 85%| O|  |TAMS 0x000000008a300000| PB 0x000000008a300000| Untracked 
|   8|0x000000008a400000, 0x000000008a400000, 0x000000008a500000|  0%| F|  |TAMS 0x000000008a400000| PB 0x000000008a400000| Untracked 
|   9|0x000000008a500000, 0x000000008a500000, 0x000000008a600000|  0%| F|  |TAMS 0x000000008a500000| PB 0x000000008a500000| Untracked 
|  10|0x000000008a600000, 0x000000008a600000, 0x000000008a700000|  0%| F|  |TAMS 0x000000008a600000| PB 0x000000008a600000| Untracked 
|  11|0x000000008a700000, 0x000000008a700000, 0x000000008a800000|  0%| F|  |TAMS 0x000000008a700000| PB 0x000000008a700000| Untracked 
|  12|0x000000008a800000, 0x000000008a800000, 0x000000008a900000|  0%| F|  |TAMS 0x000000008a800000| PB 0x000000008a800000| Untracked 
|  13|0x000000008a900000, 0x000000008a900000, 0x000000008aa00000|  0%| F|  |TAMS 0x000000008a900000| PB 0x000000008a900000| Untracked 
|  14|0x000000008aa00000, 0x000000008aa00000, 0x000000008ab00000|  0%| F|  |TAMS 0x000000008aa00000| PB 0x000000008aa00000| Untracked 
|  15|0x000000008ab00000, 0x000000008ab00000, 0x000000008ac00000|  0%| F|  |TAMS 0x000000008ab00000| PB 0x000000008ab00000| Untracked 
|  16|0x000000008ac00000, 0x000000008ac00000, 0x000000008ad00000|  0%| F|  |TAMS 0x000000008ac00000| PB 0x000000008ac00000| Untracked 
|  17|0x000000008ad00000, 0x000000008ad00000, 0x000000008ae00000|  0%| F|  |TAMS 0x000000008ad00000| PB 0x000000008ad00000| Untracked 
|  18|0x000000008ae00000, 0x000000008ae00000, 0x000000008af00000|  0%| F|  |TAMS 0x000000008ae00000| PB 0x000000008ae00000| Untracked 
|  19|0x000000008af00000, 0x000000008af00000, 0x000000008b000000|  0%| F|  |TAMS 0x000000008af00000| PB 0x000000008af00000| Untracked 
|  20|0x000000008b000000, 0x000000008b000000, 0x000000008b100000|  0%| F|  |TAMS 0x000000008b000000| PB 0x000000008b000000| Untracked 
|  21|0x000000008b100000, 0x000000008b100000, 0x000000008b200000|  0%| F|  |TAMS 0x000000008b100000| PB 0x000000008b100000| Untracked 
|  22|0x000000008b200000, 0x000000008b200000, 0x000000008b300000|  0%| F|  |TAMS 0x000000008b200000| PB 0x000000008b200000| Untracked 
|  23|0x000000008b300000, 0x000000008b300000, 0x000000008b400000|  0%| F|  |TAMS 0x000000008b300000| PB 0x000000008b300000| Untracked 
|  24|0x000000008b400000, 0x000000008b400000, 0x000000008b500000|  0%| F|  |TAMS 0x000000008b400000| PB 0x000000008b400000| Untracked 
|  25|0x000000008b500000, 0x000000008b500000, 0x000000008b600000|  0%| F|  |TAMS 0x000000008b500000| PB 0x000000008b500000| Untracked 
|  26|0x000000008b600000, 0x000000008b600000, 0x000000008b700000|  0%| F|  |TAMS 0x000000008b600000| PB 0x000000008b600000| Untracked 
|  27|0x000000008b700000, 0x000000008b700000, 0x000000008b800000|  0%| F|  |TAMS 0x000000008b700000| PB 0x000000008b700000| Untracked 
|  28|0x000000008b800000, 0x000000008b800000, 0x000000008b900000|  0%| F|  |TAMS 0x000000008b800000| PB 0x000000008b800000| Untracked 
|  29|0x000000008b900000, 0x000000008b900000, 0x000000008ba00000|  0%| F|  |TAMS 0x000000008b900000| PB 0x000000008b900000| Untracked 
|  30|0x000000008ba00000, 0x000000008ba00000, 0x000000008bb00000|  0%| F|  |TAMS 0x000000008ba00000| PB 0x000000008ba00000| Untracked 
|  31|0x000000008bb00000, 0x000000008bb00000, 0x000000008bc00000|  0%| F|  |TAMS 0x000000008bb00000| PB 0x000000008bb00000| Untracked 
|  32|0x000000008bc00000, 0x000000008bc00000, 0x000000008bd00000|  0%| F|  |TAMS 0x000000008bc00000| PB 0x000000008bc00000| Untracked 
|  33|0x000000008bd00000, 0x000000008bd00000, 0x000000008be00000|  0%| F|  |TAMS 0x000000008bd00000| PB 0x000000008bd00000| Untracked 
|  34|0x000000008be00000, 0x000000008be00000, 0x000000008bf00000|  0%| F|  |TAMS 0x000000008be00000| PB 0x000000008be00000| Untracked 
|  35|0x000000008bf00000, 0x000000008bf00000, 0x000000008c000000|  0%| F|  |TAMS 0x000000008bf00000| PB 0x000000008bf00000| Untracked 
|  36|0x000000008c000000, 0x000000008c000000, 0x000000008c100000|  0%| F|  |TAMS 0x000000008c000000| PB 0x000000008c000000| Untracked 
|  37|0x000000008c100000, 0x000000008c100000, 0x000000008c200000|  0%| F|  |TAMS 0x000000008c100000| PB 0x000000008c100000| Untracked 
|  38|0x000000008c200000, 0x000000008c200000, 0x000000008c300000|  0%| F|  |TAMS 0x000000008c200000| PB 0x000000008c200000| Untracked 
|  39|0x000000008c300000, 0x000000008c300000, 0x000000008c400000|  0%| F|  |TAMS 0x000000008c300000| PB 0x000000008c300000| Untracked 
|  40|0x000000008c400000, 0x000000008c400000, 0x000000008c500000|  0%| F|  |TAMS 0x000000008c400000| PB 0x000000008c400000| Untracked 
|  41|0x000000008c500000, 0x000000008c500000, 0x000000008c600000|  0%| F|  |TAMS 0x000000008c500000| PB 0x000000008c500000| Untracked 
|  42|0x000000008c600000, 0x000000008c600000, 0x000000008c700000|  0%| F|  |TAMS 0x000000008c600000| PB 0x000000008c600000| Untracked 
|  43|0x000000008c700000, 0x000000008c700000, 0x000000008c800000|  0%| F|  |TAMS 0x000000008c700000| PB 0x000000008c700000| Untracked 
|  44|0x000000008c800000, 0x000000008c800000, 0x000000008c900000|  0%| F|  |TAMS 0x000000008c800000| PB 0x000000008c800000| Untracked 
|  45|0x000000008c900000, 0x000000008c900000, 0x000000008ca00000|  0%| F|  |TAMS 0x000000008c900000| PB 0x000000008c900000| Untracked 
|  46|0x000000008ca00000, 0x000000008ca00000, 0x000000008cb00000|  0%| F|  |TAMS 0x000000008ca00000| PB 0x000000008ca00000| Untracked 
|  47|0x000000008cb00000, 0x000000008cb00000, 0x000000008cc00000|  0%| F|  |TAMS 0x000000008cb00000| PB 0x000000008cb00000| Untracked 
|  48|0x000000008cc00000, 0x000000008cc00000, 0x000000008cd00000|  0%| F|  |TAMS 0x000000008cc00000| PB 0x000000008cc00000| Untracked 
|  49|0x000000008cd00000, 0x000000008cd00000, 0x000000008ce00000|  0%| F|  |TAMS 0x000000008cd00000| PB 0x000000008cd00000| Untracked 
|  50|0x000000008ce00000, 0x000000008ce00000, 0x000000008cf00000|  0%| F|  |TAMS 0x000000008ce00000| PB 0x000000008ce00000| Untracked 
|  51|0x000000008cf00000, 0x000000008cf00000, 0x000000008d000000|  0%| F|  |TAMS 0x000000008cf00000| PB 0x000000008cf00000| Untracked 
|  52|0x000000008d000000, 0x000000008d000000, 0x000000008d100000|  0%| F|  |TAMS 0x000000008d000000| PB 0x000000008d000000| Untracked 
|  53|0x000000008d100000, 0x000000008d100000, 0x000000008d200000|  0%| F|  |TAMS 0x000000008d100000| PB 0x000000008d100000| Untracked 
|  54|0x000000008d200000, 0x000000008d200000, 0x000000008d300000|  0%| F|  |TAMS 0x000000008d200000| PB 0x000000008d200000| Untracked 
|  55|0x000000008d300000, 0x000000008d300000, 0x000000008d400000|  0%| F|  |TAMS 0x000000008d300000| PB 0x000000008d300000| Untracked 
|  56|0x000000008d400000, 0x000000008d400000, 0x000000008d500000|  0%| F|  |TAMS 0x000000008d400000| PB 0x000000008d400000| Untracked 
|  57|0x000000008d500000, 0x000000008d500000, 0x000000008d600000|  0%| F|  |TAMS 0x000000008d500000| PB 0x000000008d500000| Untracked 
|  58|0x000000008d600000, 0x000000008d600000, 0x000000008d700000|  0%| F|  |TAMS 0x000000008d600000| PB 0x000000008d600000| Untracked 
|  59|0x000000008d700000, 0x000000008d700000, 0x000000008d800000|  0%| F|  |TAMS 0x000000008d700000| PB 0x000000008d700000| Untracked 
|  60|0x000000008d800000, 0x000000008d800000, 0x000000008d900000|  0%| F|  |TAMS 0x000000008d800000| PB 0x000000008d800000| Untracked 
|  61|0x000000008d900000, 0x000000008d900000, 0x000000008da00000|  0%| F|  |TAMS 0x000000008d900000| PB 0x000000008d900000| Untracked 
|  62|0x000000008da00000, 0x000000008da00000, 0x000000008db00000|  0%| F|  |TAMS 0x000000008da00000| PB 0x000000008da00000| Untracked 
|  63|0x000000008db00000, 0x000000008db00000, 0x000000008dc00000|  0%| F|  |TAMS 0x000000008db00000| PB 0x000000008db00000| Untracked 
|  64|0x000000008dc00000, 0x000000008dc00000, 0x000000008dd00000|  0%| F|  |TAMS 0x000000008dc00000| PB 0x000000008dc00000| Untracked 
|  65|0x000000008dd00000, 0x000000008dd00000, 0x000000008de00000|  0%| F|  |TAMS 0x000000008dd00000| PB 0x000000008dd00000| Untracked 
|  66|0x000000008de00000, 0x000000008de00000, 0x000000008df00000|  0%| F|  |TAMS 0x000000008de00000| PB 0x000000008de00000| Untracked 
|  67|0x000000008df00000, 0x000000008df00000, 0x000000008e000000|  0%| F|  |TAMS 0x000000008df00000| PB 0x000000008df00000| Untracked 
|  68|0x000000008e000000, 0x000000008e080800, 0x000000008e100000| 50%| E|  |TAMS 0x000000008e000000| PB 0x000000008e000000| Complete 
|  69|0x000000008e100000, 0x000000008e200000, 0x000000008e200000|100%| E|CS|TAMS 0x000000008e100000| PB 0x000000008e100000| Complete 
|  70|0x000000008e200000, 0x000000008e300000, 0x000000008e300000|100%| E|CS|TAMS 0x000000008e200000| PB 0x000000008e200000| Complete 
|  71|0x000000008e300000, 0x000000008e400000, 0x000000008e400000|100%| E|CS|TAMS 0x000000008e300000| PB 0x000000008e300000| Complete 
|  72|0x000000008e400000, 0x000000008e500000, 0x000000008e500000|100%| E|CS|TAMS 0x000000008e400000| PB 0x000000008e400000| Complete 
|  73|0x000000008e500000, 0x000000008e600000, 0x000000008e600000|100%| E|CS|TAMS 0x000000008e500000| PB 0x000000008e500000| Complete 
|  74|0x000000008e600000, 0x000000008e700000, 0x000000008e700000|100%| E|CS|TAMS 0x000000008e600000| PB 0x000000008e600000| Complete 
|  75|0x000000008e700000, 0x000000008e800000, 0x000000008e800000|100%| E|CS|TAMS 0x000000008e700000| PB 0x000000008e700000| Complete 
|  76|0x000000008e800000, 0x000000008e900000, 0x000000008e900000|100%| E|CS|TAMS 0x000000008e800000| PB 0x000000008e800000| Complete 
|  77|0x000000008e900000, 0x000000008ea00000, 0x000000008ea00000|100%| E|CS|TAMS 0x000000008e900000| PB 0x000000008e900000| Complete 
|  78|0x000000008ea00000, 0x000000008eb00000, 0x000000008eb00000|100%| E|CS|TAMS 0x000000008ea00000| PB 0x000000008ea00000| Complete 
|  79|0x000000008eb00000, 0x000000008ec00000, 0x000000008ec00000|100%| E|CS|TAMS 0x000000008eb00000| PB 0x000000008eb00000| Complete 
|  80|0x000000008ec00000, 0x000000008ed00000, 0x000000008ed00000|100%| E|CS|TAMS 0x000000008ec00000| PB 0x000000008ec00000| Complete 
|  81|0x000000008ed00000, 0x000000008ee00000, 0x000000008ee00000|100%| E|CS|TAMS 0x000000008ed00000| PB 0x000000008ed00000| Complete 
|  82|0x000000008ee00000, 0x000000008ef00000, 0x000000008ef00000|100%| E|CS|TAMS 0x000000008ee00000| PB 0x000000008ee00000| Complete 
|  83|0x000000008ef00000, 0x000000008f000000, 0x000000008f000000|100%| E|CS|TAMS 0x000000008ef00000| PB 0x000000008ef00000| Complete 
|  84|0x000000008f000000, 0x000000008f100000, 0x000000008f100000|100%| E|CS|TAMS 0x000000008f000000| PB 0x000000008f000000| Complete 
|  85|0x000000008f100000, 0x000000008f200000, 0x000000008f200000|100%| E|CS|TAMS 0x000000008f100000| PB 0x000000008f100000| Complete 
|  86|0x000000008f200000, 0x000000008f300000, 0x000000008f300000|100%| E|  |TAMS 0x000000008f200000| PB 0x000000008f200000| Complete 
|  87|0x000000008f300000, 0x000000008f400000, 0x000000008f400000|100%| E|CS|TAMS 0x000000008f300000| PB 0x000000008f300000| Complete 
|  88|0x000000008f400000, 0x000000008f4c7950, 0x000000008f500000| 77%| S|CS|TAMS 0x000000008f400000| PB 0x000000008f400000| Complete 
|  89|0x000000008f500000, 0x000000008f600000, 0x000000008f600000|100%| S|CS|TAMS 0x000000008f500000| PB 0x000000008f500000| Complete 
|  90|0x000000008f600000, 0x000000008f700000, 0x000000008f700000|100%| E|CS|TAMS 0x000000008f600000| PB 0x000000008f600000| Complete 
|  91|0x000000008f700000, 0x000000008f800000, 0x000000008f800000|100%| E|CS|TAMS 0x000000008f700000| PB 0x000000008f700000| Complete 
|  92|0x000000008f800000, 0x000000008f900000, 0x000000008f900000|100%| E|CS|TAMS 0x000000008f800000| PB 0x000000008f800000| Complete 
|  93|0x000000008f900000, 0x000000008fa00000, 0x000000008fa00000|100%| E|CS|TAMS 0x000000008f900000| PB 0x000000008f900000| Complete 
|  94|0x000000008fa00000, 0x000000008fb00000, 0x000000008fb00000|100%| E|CS|TAMS 0x000000008fa00000| PB 0x000000008fa00000| Complete 
|  95|0x000000008fb00000, 0x000000008fc00000, 0x000000008fc00000|100%| E|CS|TAMS 0x000000008fb00000| PB 0x000000008fb00000| Complete 
|  96|0x000000008fc00000, 0x000000008fd00000, 0x000000008fd00000|100%| E|CS|TAMS 0x000000008fc00000| PB 0x000000008fc00000| Complete 
|  97|0x000000008fd00000, 0x000000008fe00000, 0x000000008fe00000|100%| E|CS|TAMS 0x000000008fd00000| PB 0x000000008fd00000| Complete 
|  98|0x000000008fe00000, 0x000000008ff00000, 0x000000008ff00000|100%| E|CS|TAMS 0x000000008fe00000| PB 0x000000008fe00000| Complete 
|  99|0x000000008ff00000, 0x0000000090000000, 0x0000000090000000|100%| E|CS|TAMS 0x000000008ff00000| PB 0x000000008ff00000| Complete 
| 100|0x0000000090000000, 0x0000000090100000, 0x0000000090100000|100%| E|CS|TAMS 0x0000000090000000| PB 0x0000000090000000| Complete 
| 101|0x0000000090100000, 0x0000000090200000, 0x0000000090200000|100%| E|CS|TAMS 0x0000000090100000| PB 0x0000000090100000| Complete 
| 102|0x0000000090200000, 0x0000000090300000, 0x0000000090300000|100%| E|CS|TAMS 0x0000000090200000| PB 0x0000000090200000| Complete 
| 103|0x0000000090300000, 0x0000000090400000, 0x0000000090400000|100%| E|CS|TAMS 0x0000000090300000| PB 0x0000000090300000| Complete 
| 104|0x0000000090400000, 0x0000000090500000, 0x0000000090500000|100%| E|CS|TAMS 0x0000000090400000| PB 0x0000000090400000| Complete 
| 105|0x0000000090500000, 0x0000000090600000, 0x0000000090600000|100%| E|CS|TAMS 0x0000000090500000| PB 0x0000000090500000| Complete 
| 106|0x0000000090600000, 0x0000000090700000, 0x0000000090700000|100%| E|CS|TAMS 0x0000000090600000| PB 0x0000000090600000| Complete 
| 107|0x0000000090700000, 0x0000000090800000, 0x0000000090800000|100%| E|CS|TAMS 0x0000000090700000| PB 0x0000000090700000| Complete 
| 108|0x0000000090800000, 0x0000000090900000, 0x0000000090900000|100%| E|CS|TAMS 0x0000000090800000| PB 0x0000000090800000| Complete 
| 109|0x0000000090900000, 0x0000000090a00000, 0x0000000090a00000|100%| E|CS|TAMS 0x0000000090900000| PB 0x0000000090900000| Complete 
| 110|0x0000000090a00000, 0x0000000090b00000, 0x0000000090b00000|100%| E|CS|TAMS 0x0000000090a00000| PB 0x0000000090a00000| Complete 
| 111|0x0000000090b00000, 0x0000000090c00000, 0x0000000090c00000|100%| E|CS|TAMS 0x0000000090b00000| PB 0x0000000090b00000| Complete 
| 112|0x0000000090c00000, 0x0000000090d00000, 0x0000000090d00000|100%| E|CS|TAMS 0x0000000090c00000| PB 0x0000000090c00000| Complete 
| 113|0x0000000090d00000, 0x0000000090e00000, 0x0000000090e00000|100%| E|CS|TAMS 0x0000000090d00000| PB 0x0000000090d00000| Complete 
| 114|0x0000000090e00000, 0x0000000090f00000, 0x0000000090f00000|100%| E|CS|TAMS 0x0000000090e00000| PB 0x0000000090e00000| Complete 
| 115|0x0000000090f00000, 0x0000000091000000, 0x0000000091000000|100%| E|CS|TAMS 0x0000000090f00000| PB 0x0000000090f00000| Complete 
| 116|0x0000000091000000, 0x0000000091100000, 0x0000000091100000|100%| E|CS|TAMS 0x0000000091000000| PB 0x0000000091000000| Complete 
| 117|0x0000000091100000, 0x0000000091200000, 0x0000000091200000|100%| E|CS|TAMS 0x0000000091100000| PB 0x0000000091100000| Complete 
| 118|0x0000000091200000, 0x0000000091300000, 0x0000000091300000|100%| E|CS|TAMS 0x0000000091200000| PB 0x0000000091200000| Complete 
| 119|0x0000000091300000, 0x0000000091400000, 0x0000000091400000|100%| E|CS|TAMS 0x0000000091300000| PB 0x0000000091300000| Complete 

Card table byte_map: [0x000002787ec10000,0x000002787efd0000] _byte_map_base: 0x000002787e7c2000

Marking Bits: (CMBitMap*) 0x00000278672b0f20
 Bits: [0x0000027800000000, 0x0000027801d90000)

Polling page: 0x0000027865190000

Metaspace:

Usage:
  Non-class:     16.74 MB used.
      Class:      2.25 MB used.
       Both:     18.99 MB used.

Virtual space:
  Non-class space:       64.00 MB reserved,      16.88 MB ( 26%) committed,  1 nodes.
      Class space:        1.00 GB reserved,       2.44 MB ( <1%) committed,  1 nodes.
             Both:        1.06 GB reserved,      19.31 MB (  2%) committed. 

Chunk freelists:
   Non-Class:  2.67 MB
       Class:  1.61 MB
        Both:  4.28 MB

MaxMetaspaceSize: unlimited
CompressedClassSpaceSize: 1.00 GB
Initial GC threshold: 21.00 MB
Current GC threshold: 21.00 MB
CDS: on
MetaspaceReclaimPolicy: balanced
 - commit_granule_bytes: 65536.
 - commit_granule_words: 8192.
 - virtual_space_node_default_size: 8388608.
 - enlarge_chunks_in_place: 1.
 - new_chunks_are_fully_committed: 0.
 - uncommit_free_chunks: 1.
 - use_allocation_guard: 0.


Internal statistics:

num_allocs_failed_limit: 0.
num_arena_births: 334.
num_arena_deaths: 0.
num_vsnodes_births: 2.
num_vsnodes_deaths: 0.
num_space_committed: 310.
num_space_uncommitted: 0.
num_chunks_returned_to_freelist: 0.
num_chunks_taken_from_freelist: 1000.
num_chunk_merges: 0.
num_chunk_splits: 674.
num_chunks_enlarged: 467.
num_inconsistent_stats: 0.

CodeHeap 'non-profiled nmethods': size=120000Kb used=1080Kb max_used=1080Kb free=118919Kb
 bounds [0x0000027876dd0000, 0x0000027877040000, 0x000002787e300000]
CodeHeap 'profiled nmethods': size=120000Kb used=6075Kb max_used=6075Kb free=113924Kb
 bounds [0x000002786f300000, 0x000002786f8f0000, 0x0000027876830000]
CodeHeap 'non-nmethods': size=5760Kb used=1554Kb max_used=1576Kb free=4205Kb
 bounds [0x0000027876830000, 0x0000027876aa0000, 0x0000027876dd0000]
 total_blobs=3432 nmethods=2916 adapters=426
 compilation: enabled
              stopped_count=0, restarted_count=0
 full_count=0

Compilation events (20 events):
Event: 10.064 Thread 0x0000027803f4f6a0 2895       3       java.lang.reflect.AccessibleObject::checkCanSetAccessible (195 bytes)
Event: 10.065 Thread 0x0000027803f4f6a0 nmethod 2895 0x000002786f8d9f10 code [0x000002786f8da2a0, 0x000002786f8db910]
Event: 10.065 Thread 0x0000027803f4f6a0 2894       3       org.springframework.core.annotation.TypeMappedAnnotation::getValueFromMetaAnnotation (55 bytes)
Event: 10.065 Thread 0x0000027803f4f6a0 nmethod 2894 0x000002786f8dc190 code [0x000002786f8dc340, 0x000002786f8dc678]
Event: 10.065 Thread 0x0000027803f4f6a0 2896       3       java.io.FilterInputStream::close (8 bytes)
Event: 10.065 Thread 0x0000027803f4f6a0 nmethod 2896 0x000002786f8dc890 code [0x000002786f8dca20, 0x000002786f8dcbf8]
Event: 10.066 Thread 0x0000027803f4f6a0 2897   !   3       sun.net.www.protocol.jar.JarURLConnection$JarURLInputStream::close (51 bytes)
Event: 10.067 Thread 0x0000027803f4f6a0 nmethod 2897 0x000002786f8dcd10 code [0x000002786f8dcf20, 0x000002786f8dd658]
Event: 10.067 Thread 0x0000027803f4f6a0 2898       3       sun.net.www.protocol.jar.Handler::openConnection (10 bytes)
Event: 10.067 Thread 0x0000027803f4f6a0 nmethod 2898 0x000002786f8dd990 code [0x000002786f8ddb80, 0x000002786f8de138]
Event: 10.067 Thread 0x0000027803f4f6a0 2899       3       sun.net.www.protocol.jar.JarURLConnection::<init> (28 bytes)
Event: 10.068 Thread 0x0000027803f4f6a0 nmethod 2899 0x000002786f8de390 code [0x000002786f8de560, 0x000002786f8dea50]
Event: 10.068 Thread 0x0000027803f4f6a0 2900       3       java.net.JarURLConnection::<init> (11 bytes)
Event: 10.068 Thread 0x0000027803f4f6a0 nmethod 2900 0x000002786f8dec10 code [0x000002786f8deda0, 0x000002786f8def20]
Event: 10.068 Thread 0x0000027803f4f6a0 2901   !   3       sun.net.www.protocol.jar.JarFileFactory::getCachedJarFile (147 bytes)
Event: 10.069 Thread 0x0000027803f4f6a0 nmethod 2901 0x000002786f8df010 code [0x000002786f8df1e0, 0x000002786f8df6e0]
Event: 10.069 Thread 0x0000027803f4f6a0 2902   !   3       sun.net.www.protocol.jar.JarFileFactory::cacheIfAbsent (90 bytes)
Event: 10.069 Thread 0x0000027803f4f6a0 nmethod 2902 0x000002786f8df890 code [0x000002786f8dfaa0, 0x000002786f8e02e0]
Event: 10.069 Thread 0x0000027803f4f6a0 2903   !   3       sun.net.www.protocol.jar.JarFileFactory::getConnection (40 bytes)
Event: 10.070 Thread 0x0000027803f4f6a0 nmethod 2903 0x000002786f8e0610 code [0x000002786f8e0800, 0x000002786f8e0e60]

GC Heap History (4 events):
Event: 3.005 GC heap before
{Heap before GC invocations=0 (full 0):
 garbage-first heap   total 122880K, used 25600K [0x0000000089c00000, 0x0000000100000000)
  region size 1024K, 23 young (23552K), 0 survivors (0K)
 Metaspace       used 5146K, committed 5312K, reserved 1114112K
  class space    used 571K, committed 640K, reserved 1048576K
}
Event: 3.038 GC heap after
{Heap after GC invocations=1 (full 0):
 garbage-first heap   total 122880K, used 7818K [0x0000000089c00000, 0x0000000100000000)
  region size 1024K, 3 young (3072K), 3 survivors (3072K)
 Metaspace       used 5146K, committed 5312K, reserved 1114112K
  class space    used 571K, committed 640K, reserved 1048576K
}
Event: 7.579 GC heap before
{Heap before GC invocations=1 (full 0):
 garbage-first heap   total 122880K, used 34442K [0x0000000089c00000, 0x0000000100000000)
  region size 1024K, 30 young (30720K), 3 survivors (3072K)
 Metaspace       used 11407K, committed 11712K, reserved 1114112K
  class space    used 1339K, committed 1472K, reserved 1048576K
}
Event: 7.587 GC heap after
{Heap after GC invocations=2 (full 0):
 garbage-first heap   total 122880K, used 9865K [0x0000000089c00000, 0x0000000100000000)
  region size 1024K, 2 young (2048K), 2 survivors (2048K)
 Metaspace       used 11407K, committed 11712K, reserved 1114112K
  class space    used 1339K, committed 1472K, reserved 1048576K
}

Dll operation events (9 events):
Event: 0.020 Loaded shared library C:\Users\Asus\.jdks\openjdk-20.0.1\bin\java.dll
Event: 0.022 Loaded shared library C:\Users\Asus\.jdks\openjdk-20.0.1\bin\zip.dll
Event: 0.041 Loaded shared library C:\Users\Asus\.jdks\openjdk-20.0.1\bin\jsvml.dll
Event: 0.973 Loaded shared library C:\Users\Asus\.jdks\openjdk-20.0.1\bin\instrument.dll
Event: 1.124 Loaded shared library C:\Users\Asus\.jdks\openjdk-20.0.1\bin\net.dll
Event: 1.126 Loaded shared library C:\Users\Asus\.jdks\openjdk-20.0.1\bin\nio.dll
Event: 1.145 Loaded shared library C:\Users\Asus\.jdks\openjdk-20.0.1\bin\zip.dll
Event: 1.431 Loaded shared library C:\Users\Asus\.jdks\openjdk-20.0.1\bin\jimage.dll
Event: 8.665 Loaded shared library C:\Users\Asus\.jdks\openjdk-20.0.1\bin\sunmscapi.dll

Deoptimization events (20 events):
Event: 10.072 Thread 0x0000027867255180 DEOPT PACKING pc=0x000002786f4362c9 sp=0x000000a5002fd8c0
Event: 10.072 Thread 0x0000027867255180 DEOPT UNPACKING pc=0x000002787689a4c2 sp=0x000000a5002fcd18 mode 1
Event: 10.072 Thread 0x0000027867255180 DEOPT PACKING pc=0x000002786f435cc4 sp=0x000000a5002fd950
Event: 10.072 Thread 0x0000027867255180 DEOPT UNPACKING pc=0x000002787689a4c2 sp=0x000000a5002fcdf8 mode 1
Event: 10.072 Thread 0x0000027867255180 DEOPT PACKING pc=0x000002786f4cae74 sp=0x000000a5002fe350
Event: 10.072 Thread 0x0000027867255180 DEOPT UNPACKING pc=0x000002787689a4c2 sp=0x000000a5002fd818 mode 1
Event: 10.072 Thread 0x0000027867255180 DEOPT PACKING pc=0x000002786f4ca96c sp=0x000000a5002fe3e0
Event: 10.072 Thread 0x0000027867255180 DEOPT UNPACKING pc=0x000002787689a4c2 sp=0x000000a5002fd8a0 mode 1
Event: 10.072 Thread 0x0000027867255180 DEOPT PACKING pc=0x000002786f82fe9c sp=0x000000a5002fe460
Event: 10.072 Thread 0x0000027867255180 DEOPT UNPACKING pc=0x000002787689a4c2 sp=0x000000a5002fd888 mode 1
Event: 10.073 Thread 0x0000027867255180 DEOPT PACKING pc=0x000002786f4362c9 sp=0x000000a5002fd8f0
Event: 10.073 Thread 0x0000027867255180 DEOPT UNPACKING pc=0x000002787689a4c2 sp=0x000000a5002fcd48 mode 1
Event: 10.073 Thread 0x0000027867255180 DEOPT PACKING pc=0x000002786f435cc4 sp=0x000000a5002fd980
Event: 10.073 Thread 0x0000027867255180 DEOPT UNPACKING pc=0x000002787689a4c2 sp=0x000000a5002fce28 mode 1
Event: 10.073 Thread 0x0000027867255180 DEOPT PACKING pc=0x000002786f4cae74 sp=0x000000a5002fe380
Event: 10.073 Thread 0x0000027867255180 DEOPT UNPACKING pc=0x000002787689a4c2 sp=0x000000a5002fd848 mode 1
Event: 10.073 Thread 0x0000027867255180 DEOPT PACKING pc=0x000002786f4ca96c sp=0x000000a5002fe410
Event: 10.073 Thread 0x0000027867255180 DEOPT UNPACKING pc=0x000002787689a4c2 sp=0x000000a5002fd8d0 mode 1
Event: 10.073 Thread 0x0000027867255180 DEOPT PACKING pc=0x000002786f82fe9c sp=0x000000a5002fe490
Event: 10.073 Thread 0x0000027867255180 DEOPT UNPACKING pc=0x000002787689a4c2 sp=0x000000a5002fd8d0 mode 1

Classes loaded (20 events):
Event: 10.004 Loading class org/springframework/security/saml2/provider/service/registration/RelyingPartyRegistrationRepository
Event: 10.004 Loading class org/springframework/security/saml2/provider/service/registration/RelyingPartyRegistrationRepository done
Event: 10.008 Loading class org/springframework/boot/autoconfigure/sql/init/SqlInitializationAutoConfiguration$SqlInitializationModeCondition
Event: 10.008 Loading class org/springframework/boot/autoconfigure/sql/init/SqlInitializationAutoConfiguration$SqlInitializationModeCondition done
Event: 10.018 Loading class io/r2dbc/spi/ConnectionFactory
Event: 10.018 Loading class io/r2dbc/spi/ConnectionFactory done
Event: 10.019 Loading class org/springframework/r2dbc/connection/init/DatabasePopulator
Event: 10.019 Loading class org/springframework/r2dbc/connection/init/DatabasePopulator done
Event: 10.029 Loading class org/springframework/jdbc/datasource/init/DatabasePopulator
Event: 10.029 Loading class org/springframework/jdbc/datasource/init/DatabasePopulator done
Event: 10.069 Loading class org/thymeleaf/extras/springsecurity6/dialect/SpringSecurityDialect
Event: 10.069 Loading class org/thymeleaf/extras/springsecurity6/dialect/SpringSecurityDialect done
Event: 10.069 Loading class org/springframework/security/web/server/csrf/CsrfToken
Event: 10.069 Loading class org/springframework/security/web/server/csrf/CsrfToken done
Event: 10.071 Loading class com/github/mxab/thymeleaf/extras/dataattribute/dialect/DataAttributeDialect
Event: 10.071 Loading class com/github/mxab/thymeleaf/extras/dataattribute/dialect/DataAttributeDialect done
Event: 10.072 Loading class nz/net/ultraq/thymeleaf/layoutdialect/LayoutDialect
Event: 10.072 Loading class nz/net/ultraq/thymeleaf/layoutdialect/LayoutDialect done
Event: 10.072 Loading class org/springframework/web/reactive/HandlerResult
Event: 10.072 Loading class org/springframework/web/reactive/HandlerResult done

Classes unloaded (0 events):
No events

Classes redefined (0 events):
No events

Internal exceptions (20 events):
Event: 5.856 Thread 0x0000027867255180 Exception <a 'java/lang/NoSuchMethodError'{0x00000000908d2a40}: 'void java.lang.invoke.DirectMethodHandle$Holder.invokeVirtual(java.lang.Object, java.lang.Object, java.lang.Object, java.lang.Object)'> (0x00000000908d2a40) 
thrown [s\open\src\hotspot\share\interpreter\linkResolver.cpp, line 773]
Event: 6.499 Thread 0x0000027867255180 Exception <a 'java/lang/NoSuchMethodError'{0x00000000906a52d8}: 'void java.lang.invoke.DirectMethodHandle$Holder.invokeSpecial(java.lang.Object, java.lang.Object, java.lang.Object)'> (0x00000000906a52d8) 
thrown [s\open\src\hotspot\share\interpreter\linkResolver.cpp, line 773]
Event: 6.548 Thread 0x00000278090520e0 Exception <a 'java/lang/NoClassDefFoundError'{0x00000000906e3d88}: jakarta/validation/Validation> (0x00000000906e3d88) 
thrown [s\open\src\hotspot\share\classfile\systemDictionary.cpp, line 294]
Event: 6.560 Thread 0x0000027867255180 Exception <a 'java/lang/NoSuchMethodError'{0x000000009050f600}: 'java.lang.reflect.Field[] java.lang.Class.getDeclaredFields(java.lang.Class)'> (0x000000009050f600) 
thrown [s\open\src\hotspot\share\interpreter\linkResolver.cpp, line 773]
Event: 6.572 Thread 0x0000027867255180 Exception <a 'java/lang/NoSuchMethodError'{0x000000009051a3b8}: 'java.lang.Object java.lang.invoke.DirectMethodHandle$Holder.invokeStatic(java.lang.Object, java.lang.Object, int)'> (0x000000009051a3b8) 
thrown [s\open\src\hotspot\share\interpreter\linkResolver.cpp, line 773]
Event: 6.576 Thread 0x0000027867255180 Exception <a 'java/lang/NoSuchMethodError'{0x0000000090525288}: 'void java.lang.invoke.DelegatingMethodHandle$Holder.delegate(java.lang.Object, java.lang.Object, int, java.lang.Object)'> (0x0000000090525288) 
thrown [s\open\src\hotspot\share\interpreter\linkResolver.cpp, line 773]
Event: 6.710 Thread 0x0000027867255180 Exception <a 'java/lang/IncompatibleClassChangeError'{0x00000000904e1e90}: Found class java.lang.Object, but interface was expected> (0x00000000904e1e90) 
thrown [s\open\src\hotspot\share\interpreter\linkResolver.cpp, line 840]
Event: 6.740 Thread 0x0000027867255180 Exception <a 'java/lang/NoSuchMethodError'{0x00000000904fd5c0}: 'java.lang.Object java.lang.invoke.DirectMethodHandle$Holder.invokeStaticInit(java.lang.Object, int)'> (0x00000000904fd5c0) 
thrown [s\open\src\hotspot\share\interpreter\linkResolver.cpp, line 773]
Event: 6.752 Thread 0x0000027867255180 Exception <a 'java/lang/NoSuchMethodError'{0x000000009032d890}: 'java.lang.Object java.lang.invoke.DirectMethodHandle$Holder.invokeStatic(java.lang.Object, int, java.lang.Object)'> (0x000000009032d890) 
thrown [s\open\src\hotspot\share\interpreter\linkResolver.cpp, line 773]
Event: 6.757 Thread 0x0000027867255180 Exception <a 'java/lang/NoSuchMethodError'{0x0000000090330ee0}: 'java.lang.Object java.lang.invoke.DirectMethodHandle$Holder.invokeStaticInit(java.lang.Object, int, java.lang.Object)'> (0x0000000090330ee0) 
thrown [s\open\src\hotspot\share\interpreter\linkResolver.cpp, line 773]
Event: 8.252 Thread 0x0000027867255180 Exception <a 'java/lang/NoSuchMethodError'{0x0000000090157438}: 'java.lang.Object java.lang.invoke.DirectMethodHandle$Holder.invokeVirtual(java.lang.Object, java.lang.Object, java.lang.Object)'> (0x0000000090157438) 
thrown [s\open\src\hotspot\share\interpreter\linkResolver.cpp, line 773]
Event: 8.280 Thread 0x0000027867255180 Exception <a 'java/lang/NoSuchMethodError'{0x0000000090188cd8}: 'int java.lang.invoke.DirectMethodHandle$Holder.invokeSpecial(java.lang.Object, java.lang.Object, java.lang.Object, java.lang.Object, java.lang.Object)'> (0x0000000090188cd8) 
thrown [s\open\src\hotspot\share\interpreter\linkResolver.cpp, line 773]
Event: 8.293 Thread 0x0000027867255180 Exception <a 'java/lang/NoSuchMethodError'{0x0000000090198368}: 'void java.lang.invoke.DirectMethodHandle$Holder.invokeVirtual(java.lang.Object, java.lang.Object)'> (0x0000000090198368) 
thrown [s\open\src\hotspot\share\interpreter\linkResolver.cpp, line 773]
Event: 8.328 Thread 0x00000278090520e0 Exception <a 'java/lang/NoSuchMethodError'{0x000000008ff0ece8}: 'long java.lang.invoke.DirectMethodHandle$Holder.invokeSpecial(java.lang.Object, java.lang.Object)'> (0x000000008ff0ece8) 
thrown [s\open\src\hotspot\share\interpreter\linkResolver.cpp, line 773]
Event: 8.335 Thread 0x00000278090520e0 Exception <a 'java/lang/NoSuchMethodError'{0x000000008ff198e0}: 'long java.lang.invoke.DirectMethodHandle$Holder.invokeStatic(java.lang.Object, java.lang.Object)'> (0x000000008ff198e0) 
thrown [s\open\src\hotspot\share\interpreter\linkResolver.cpp, line 773]
Event: 8.335 Thread 0x00000278090520e0 Exception <a 'java/lang/NoSuchMethodError'{0x000000008ff1c998}: 'long java.lang.invoke.DirectMethodHandle$Holder.invokeStaticInit(java.lang.Object, java.lang.Object)'> (0x000000008ff1c998) 
thrown [s\open\src\hotspot\share\interpreter\linkResolver.cpp, line 773]
Event: 8.347 Thread 0x00000278090520e0 Exception <a 'java/lang/NoSuchMethodError'{0x000000008ff2a598}: 'long java.lang.invoke.DirectMethodHandle$Holder.invokeInterface(java.lang.Object, java.lang.Object)'> (0x000000008ff2a598) 
thrown [s\open\src\hotspot\share\interpreter\linkResolver.cpp, line 773]
Event: 8.348 Thread 0x00000278090520e0 Exception <a 'java/lang/IncompatibleClassChangeError'{0x000000008ff2d598}: Found class java.lang.Object, but interface was expected> (0x000000008ff2d598) 
thrown [s\open\src\hotspot\share\interpreter\linkResolver.cpp, line 840]
Event: 8.362 Thread 0x00000278090520e0 Exception <a 'java/lang/NoSuchMethodError'{0x000000008ff46ca8}: 'java.lang.Object java.lang.invoke.DirectMethodHandle$Holder.invokeVirtual(java.lang.Object, java.lang.Object, java.lang.Object, java.lang.Object)'> (0x000000008ff46ca8) 
thrown [s\open\src\hotspot\share\interpreter\linkResolver.cpp, line 773]
Event: 9.221 Thread 0x0000027867255180 Exception <a 'java/lang/IncompatibleClassChangeError'{0x000000008ee335d8}: Found class java.lang.Object, but interface was expected> (0x000000008ee335d8) 
thrown [s\open\src\hotspot\share\interpreter\linkResolver.cpp, line 840]

VM Operations (20 events):
Event: 6.484 Executing VM operation: HandshakeAllThreads
Event: 6.484 Executing VM operation: HandshakeAllThreads done
Event: 6.570 Executing VM operation: HandshakeAllThreads
Event: 6.570 Executing VM operation: HandshakeAllThreads done
Event: 7.574 Executing VM operation: Cleanup
Event: 7.574 Executing VM operation: Cleanup done
Event: 7.578 Executing VM operation: G1CollectForAllocation
Event: 7.587 Executing VM operation: G1CollectForAllocation done
Event: 8.182 Executing VM operation: HandshakeAllThreads
Event: 8.183 Executing VM operation: HandshakeAllThreads done
Event: 8.584 Executing VM operation: HandshakeAllThreads
Event: 8.584 Executing VM operation: HandshakeAllThreads done
Event: 8.699 Executing VM operation: HandshakeAllThreads
Event: 8.699 Executing VM operation: HandshakeAllThreads done
Event: 8.699 Executing VM operation: Cleanup
Event: 8.700 Executing VM operation: Cleanup done
Event: 9.234 Executing VM operation: HandshakeAllThreads
Event: 9.234 Executing VM operation: HandshakeAllThreads done
Event: 9.814 Executing VM operation: ICBufferFull
Event: 9.814 Executing VM operation: ICBufferFull done

Events (18 events):
Event: 0.041 Thread 0x0000027867255180 Thread added: 0x0000027867255180
Event: 0.074 Thread 0x0000027803f3e550 Thread added: 0x0000027803f3e550
Event: 0.074 Thread 0x0000027803f3f150 Thread added: 0x0000027803f3f150
Event: 0.075 Thread 0x0000027803f404f0 Thread added: 0x0000027803f404f0
Event: 0.075 Thread 0x0000027803f44e00 Thread added: 0x0000027803f44e00
Event: 0.075 Thread 0x0000027803f45740 Thread added: 0x0000027803f45740
Event: 0.075 Thread 0x0000027803f46080 Thread added: 0x0000027803f46080
Event: 0.075 Thread 0x0000027803f4aba0 Thread added: 0x0000027803f4aba0
Event: 0.076 Thread 0x0000027803f4f6a0 Thread added: 0x0000027803f4f6a0
Event: 0.325 Thread 0x00000278081e4da0 Thread added: 0x00000278081e4da0
Event: 0.473 Thread 0x0000027808281720 Thread added: 0x0000027808281720
Event: 0.474 Thread 0x00000278082d56a0 Thread added: 0x00000278082d56a0
Event: 0.475 Thread 0x00000278082d5c00 Thread added: 0x00000278082d5c00
Event: 1.039 Thread 0x00000278083085d0 Thread added: 0x00000278083085d0
Event: 6.526 Thread 0x00000278090520e0 Thread added: 0x00000278090520e0
Event: 8.742 Thread 0x00000278090520e0 Thread exited: 0x00000278090520e0
Event: 8.985 Thread 0x000002780958bc50 Thread added: 0x000002780958bc50
Event: 9.163 Thread 0x000002780958bc50 Thread exited: 0x000002780958bc50


Dynamic libraries:
0x00007ff646800000 - 0x00007ff64680e000 	C:\Users\Asus\.jdks\openjdk-20.0.1\bin\java.exe
0x00007ff880070000 - 0x00007ff880268000 	C:\Windows\SYSTEM32\ntdll.dll
0x00007ff87f480000 - 0x00007ff87f542000 	C:\Windows\System32\KERNEL32.DLL
0x00007ff87d8d0000 - 0x00007ff87dbce000 	C:\Windows\System32\KERNELBASE.dll
0x00007ff87dbd0000 - 0x00007ff87dcd0000 	C:\Windows\System32\ucrtbase.dll
0x00007ff86a080000 - 0x00007ff86a09b000 	C:\Users\Asus\.jdks\openjdk-20.0.1\bin\VCRUNTIME140.dll
0x00007ff871340000 - 0x00007ff871357000 	C:\Users\Asus\.jdks\openjdk-20.0.1\bin\jli.dll
0x00007ff87f180000 - 0x00007ff87f31d000 	C:\Windows\System32\USER32.dll
0x00007ff86ce20000 - 0x00007ff86d0ba000 	C:\Windows\WinSxS\amd64_microsoft.windows.common-controls_6595b64144ccf1df_6.0.19041.4355_none_60b8b9eb71f62e16\COMCTL32.dll
0x00007ff87d740000 - 0x00007ff87d762000 	C:\Windows\System32\win32u.dll
0x00007ff87f3e0000 - 0x00007ff87f47e000 	C:\Windows\System32\msvcrt.dll
0x00007ff87f700000 - 0x00007ff87f72b000 	C:\Windows\System32\GDI32.dll
0x00007ff87dcd0000 - 0x00007ff87dde7000 	C:\Windows\System32\gdi32full.dll
0x00007ff87d830000 - 0x00007ff87d8cd000 	C:\Windows\System32\msvcp_win.dll
0x00007ff87e8b0000 - 0x00007ff87e8df000 	C:\Windows\System32\IMM32.DLL
0x00007ff872220000 - 0x00007ff87222c000 	C:\Users\Asus\.jdks\openjdk-20.0.1\bin\vcruntime140_1.dll
0x00007ff853eb0000 - 0x00007ff853f3e000 	C:\Users\Asus\.jdks\openjdk-20.0.1\bin\msvcp140.dll
0x00007ff822fa0000 - 0x00007ff823c37000 	C:\Users\Asus\.jdks\openjdk-20.0.1\bin\server\jvm.dll
0x00007ff87f320000 - 0x00007ff87f3d1000 	C:\Windows\System32\ADVAPI32.dll
0x00007ff87e8e0000 - 0x00007ff87e97f000 	C:\Windows\System32\sechost.dll
0x00007ff87e6b0000 - 0x00007ff87e7d3000 	C:\Windows\System32\RPCRT4.dll
0x00007ff87d710000 - 0x00007ff87d737000 	C:\Windows\System32\bcrypt.dll
0x00007ff867ff0000 - 0x00007ff867ff9000 	C:\Windows\SYSTEM32\WSOCK32.dll
0x00007ff87e640000 - 0x00007ff87e6ab000 	C:\Windows\System32\WS2_32.dll
0x00007ff8727f0000 - 0x00007ff872817000 	C:\Windows\SYSTEM32\WINMM.dll
0x00007ff8729f0000 - 0x00007ff8729fa000 	C:\Windows\SYSTEM32\VERSION.dll
0x00007ff87b470000 - 0x00007ff87b482000 	C:\Windows\SYSTEM32\kernel.appcore.dll
0x00007ff8721e0000 - 0x00007ff8721ea000 	C:\Users\Asus\.jdks\openjdk-20.0.1\bin\jimage.dll
0x00007ff875790000 - 0x00007ff875974000 	C:\Windows\SYSTEM32\DBGHELP.DLL
0x00007ff869490000 - 0x00007ff8694c4000 	C:\Windows\SYSTEM32\dbgcore.DLL
0x00007ff87dea0000 - 0x00007ff87df22000 	C:\Windows\System32\bcryptPrimitives.dll
0x00007ff8712f0000 - 0x00007ff87132c000 	C:\Users\Asus\.jdks\openjdk-20.0.1\bin\jdwp.dll
0x00007ff879970000 - 0x00007ff87997e000 	C:\Users\Asus\.jdks\openjdk-20.0.1\bin\instrument.dll
0x00007ff85b7f0000 - 0x00007ff85b816000 	C:\Users\Asus\.jdks\openjdk-20.0.1\bin\java.dll
0x00007ff85b890000 - 0x00007ff85b8a8000 	C:\Users\Asus\.jdks\openjdk-20.0.1\bin\zip.dll
0x00007ff82dd80000 - 0x00007ff82de57000 	C:\Users\Asus\.jdks\openjdk-20.0.1\bin\jsvml.dll
0x00007ff87e980000 - 0x00007ff87f0ed000 	C:\Windows\System32\SHELL32.dll
0x00007ff87b750000 - 0x00007ff87bef4000 	C:\Windows\SYSTEM32\windows.storage.dll
0x00007ff87e220000 - 0x00007ff87e573000 	C:\Windows\System32\combase.dll
0x00007ff87d140000 - 0x00007ff87d16e000 	C:\Windows\SYSTEM32\Wldp.dll
0x00007ff87e7e0000 - 0x00007ff87e8ad000 	C:\Windows\System32\OLEAUT32.dll
0x00007ff87fea0000 - 0x00007ff87ff4d000 	C:\Windows\System32\SHCORE.dll
0x00007ff87e1c0000 - 0x00007ff87e215000 	C:\Windows\System32\shlwapi.dll
0x00007ff87d640000 - 0x00007ff87d664000 	C:\Windows\SYSTEM32\profapi.dll
0x00007ff879470000 - 0x00007ff87947c000 	C:\Users\Asus\.jdks\openjdk-20.0.1\bin\dt_socket.dll
0x00007ff87cb10000 - 0x00007ff87cb4b000 	C:\Windows\SYSTEM32\IPHLPAPI.DLL
0x00007ff87cea0000 - 0x00007ff87cf0a000 	C:\Windows\system32\mswsock.dll
0x00007ff85f550000 - 0x00007ff85f563000 	C:\Users\Asus\.jdks\openjdk-20.0.1\bin\net.dll
0x00007ff8761a0000 - 0x00007ff8762ad000 	C:\Windows\SYSTEM32\WINHTTP.dll
0x00007ff85e0e0000 - 0x00007ff85e0f6000 	C:\Users\Asus\.jdks\openjdk-20.0.1\bin\nio.dll
0x00007ff86ae60000 - 0x00007ff86ae6e000 	C:\Users\Asus\.jdks\openjdk-20.0.1\bin\sunmscapi.dll
0x00007ff87df30000 - 0x00007ff87e08c000 	C:\Windows\System32\CRYPT32.dll
0x00007ff87d1b0000 - 0x00007ff87d1d7000 	C:\Windows\SYSTEM32\ncrypt.dll
0x00007ff87d170000 - 0x00007ff87d1ab000 	C:\Windows\SYSTEM32\NTASN1.dll

dbghelp: loaded successfully - version: 4.0.5 - missing functions: none
symbol engine: initialized successfully - sym options: 0x614 - pdb path: .;C:\Users\Asus\.jdks\openjdk-20.0.1\bin;C:\Windows\SYSTEM32;C:\Windows\WinSxS\amd64_microsoft.windows.common-controls_6595b64144ccf1df_6.0.19041.4355_none_60b8b9eb71f62e16;C:\Users\Asus\.jdks\openjdk-20.0.1\bin\server

VM Arguments:
jvm_args: -agentlib:jdwp=transport=dt_socket,address=127.0.0.1:53388,suspend=y,server=n -javaagent:C:\Users\Asus\AppData\Local\JetBrains\IdeaIC2023.1\captureAgent\debugger-agent.jar -Dfile.encoding=UTF-8 -Dsun.stdout.encoding=UTF-8 -Dsun.stderr.encoding=UTF-8 
java_command: com.example.rental.RentalApplication
java_class_path (initial): C:\Users\Asus\Desktop\rental\target\classes;C:\Users\Asus\.m2\repository\org\springframework\boot\spring-boot-starter-data-jpa\3.4.0\spring-boot-starter-data-jpa-3.4.0.jar;C:\Users\Asus\.m2\repository\org\springframework\boot\spring-boot-starter\3.4.0\spring-boot-starter-3.4.0.jar;C:\Users\Asus\.m2\repository\org\springframework\boot\spring-boot\3.4.0\spring-boot-3.4.0.jar;C:\Users\Asus\.m2\repository\org\springframework\boot\spring-boot-autoconfigure\3.4.0\spring-boot-autoconfigure-3.4.0.jar;C:\Users\Asus\.m2\repository\org\springframework\boot\spring-boot-starter-logging\3.4.0\spring-boot-starter-logging-3.4.0.jar;C:\Users\Asus\.m2\repository\ch\qos\logback\logback-classic\1.5.12\logback-classic-1.5.12.jar;C:\Users\Asus\.m2\repository\ch\qos\logback\logback-core\1.5.12\logback-core-1.5.12.jar;C:\Users\Asus\.m2\repository\org\apache\logging\log4j\log4j-to-slf4j\2.24.1\log4j-to-slf4j-2.24.1.jar;C:\Users\Asus\.m2\repository\org\apache\logging\log4j\log4j-api\2.24.1\log4j-api-2.24.1.jar;C:\Users\Asus\.m2\repository\org\slf4j\jul-to-slf4j\2.0.16\jul-to-slf4j-2.0.16.jar;C:\Users\Asus\.m2\repository\jakarta\annotation\jakarta.annotation-api\2.1.1\jakarta.annotation-api-2.1.1.jar;C:\Users\Asus\.m2\repository\org\yaml\snakeyaml\2.3\snakeyaml-2.3.jar;C:\Users\Asus\.m2\repository\org\springframework\boot\spring-boot-starter-jdbc\3.4.0\spring-boot-starter-jdbc-3.4.0.jar;C:\Users\Asus\.m2\repository\com\zaxxer\HikariCP\5.1.0\HikariCP-5.1.0.jar;C:\Users\Asus\.m2\repository\org\springframework\spring-jdbc\6.2.0\spring-jdbc-6.2.0.jar;C:\Users\Asus\.m2\repository\org\hibernate\orm\hibernate-core\6.6.2.Final\hibernate-core-6.6.2.Final.jar;C:\Users\Asus\.m2\repository\jakarta\persistence\jakarta.persistence-api\3.1.0\jakarta.persistence-api-3.1.0.jar;C:\Users\Asus\.m2\repository\jakarta\transaction\jakarta.transaction-api\2.0.1\jakarta.transaction-api-2.0.1.jar;C:\Users\Asus\.m2\repository\org\jboss\logging\jboss-logging\3.6.1.Final\jboss-logging-3.6.1.Final.jar;C:\Users\Asus\.m2\repository\org\hibernate\common\hibernate-commons-annotations\7.0.3.Final\hibernate-commons-annotations-7.0.3.Final.jar;C:\Users\Asus\.m2\repository\io\smallrye\jandex\3.2.0\jandex-3.2.0.jar;C:\Users\Asus\.m2\repository\com\fasterxml\classmate\1.7.0\classmate-1.7.0.jar;C:\Users\Asus\.m2\repository\net\bytebuddy\byte-buddy\1.15.10\byte-buddy-1.15.10.jar;C:\Users\Asus\.m2\repository\jakarta\inject\jakarta.inject-api\2.0.1\jakarta.inject-api-2.0.1.jar;C:\Users\Asus\.m2\repository\org\antlr\antlr4-runtime\4.13.0\antlr4-runtime-4.13.0.jar;C:\Users\Asus\.m2\repository\org\springframework\data\spring-data-jpa\3.4.0\spring-data-jpa-3.4.0.jar;C:\Users\Asus\.m2\repository\org\springframework\data\spring-data-commons\3.4.0\spring-data-commons-3.4.0.jar;C:\Users\Asus\.m2\repository\org\springframework\spring-orm\6.2.0\spring-orm-6.2.0.jar;C:\Users\Asus\.m2\repository\org\springframework\spring-context\6.2.0\spring-context-6.2.0.jar;C:\Users\Asus\.m2\repository\org\springframework\spring-tx\6.2.0\spring-tx-6.2.0.jar;C:\Users\Asus\.m2\repository\org\springframework\spring-beans\6.2.0\spring-beans-6.2.0.jar;C:\Users\Asus\.m2\repository\org\slf4j\slf4j-api\2.0.16\slf4j-api-2.0.16.jar;C:\Users\Asus\.m2\repository\org\springframework\spring-aspects\6.2.0\spring-aspects-6.2.0.jar;C:\Users\Asus\.m2\repository\org\aspectj\aspectjweaver\1.9.22.1\aspectjweaver-1.9.22.1.jar;C:\Users\Asus\.m2\repository\org\springframework\boot\spring-boot-starter-web\3.4.0\spring-boot-starter-web-3.4.0.jar;C:\Users\Asus\.m2\repository\org\springframework\boot\spring-boot-starter-json\3.4.0\spring-boot-starter-json-3.4.0.jar;C:\Users\Asus\.m2\repository\com\fasterxml\jackson\datatype\jackson-datatype-jdk8\2.18.1\jackson-datatype-jdk8-2.18.1.jar;C:\Users\Asus\.m2\repository\com\fasterxml\jackson\datatype\jackson-datatype-jsr310\2.18.1\jackson-datatype-jsr310-2.18.1.jar;C:\Users\Asus\.m2\repository\com\fasterxml\jackson\module\jackson-module-parameter-names\2.18.1\jackson-module-parameter-names-2.18.1.jar;C:\Users\Asus\.m2\repository\org\springframework\boot\spring-boot-starter-tomcat\3.4.0\spring-boot-starter-tomcat-3.4.0.jar;C:\Users\Asus\.m2\repository\org\apache\tomcat\embed\tomcat-embed-core\10.1.33\tomcat-embed-core-10.1.33.jar;C:\Users\Asus\.m2\repository\org\apache\tomcat\embed\tomcat-embed-el\10.1.33\tomcat-embed-el-10.1.33.jar;C:\Users\Asus\.m2\repository\org\apache\tomcat\embed\tomcat-embed-websocket\10.1.33\tomcat-embed-websocket-10.1.33.jar;C:\Users\Asus\.m2\repository\org\springframework\spring-web\6.2.0\spring-web-6.2.0.jar;C:\Users\Asus\.m2\repository\io\micrometer\micrometer-observation\1.14.1\micrometer-observation-1.14.1.jar;C:\Users\Asus\.m2\repository\io\micrometer\micrometer-commons\1.14.1\micrometer-commons-1.14.1.jar;C:\Users\Asus\.m2\repository\org\springframework\spring-webmvc\6.2.0\spring-webmvc-6.2.0.jar;C:\Users\Asus\.m2\repository\org\springframework\spring-expression\6.2.0\spring-expression-6.2.0.jar;C:\Users\Asus\.m2\repository\javax\xml\bind\jaxb-api\2.3.1\jaxb-api-2.3.1.jar;C:\Users\Asus\.m2\repository\javax\activation\javax.activation-api\1.2.0\javax.activation-api-1.2.0.jar;C:\Users\Asus\.m2\repository\org\glassfish\jaxb\jaxb-runtime\2.3.1\jaxb-runtime-2.3.1.jar;C:\Users\Asus\.m2\repository\org\glassfish\jaxb\txw2\4.0.5\txw2-4.0.5.jar;C:\Users\Asus\.m2\repository\com\sun\istack\istack-commons-runtime\4.1.2\istack-commons-runtime-4.1.2.jar;C:\Users\Asus\.m2\repository\org\jvnet\staxex\stax-ex\2.1.0\stax-ex-2.1.0.jar;C:\Users\Asus\.m2\repository\jakarta\activation\jakarta.activation-api\2.1.3\jakarta.activation-api-2.1.3.jar;C:\Users\Asus\.m2\repository\com\sun\xml\fastinfoset\FastInfoset\2.1.1\FastInfoset-2.1.1.jar;C:\Users\Asus\.m2\repository\org\postgresql\postgresql\42.7.4\postgresql-42.7.4.jar;C:\Users\Asus\.m2\repository\org\checkerframework\checker-qual\3.42.0\checker-qual-3.42.0.jar;C:\Users\Asus\.m2\repository\org\projectlombok\lombok\1.18.36\lombok-1.18.36.jar;C:\Users\Asus\.m2\repository\jakarta\xml\bind\jakarta.xml.bind-api\4.0.2\jakarta.xml.bind-api-4.0.2.jar;C:\Users\Asus\.m2\repository\org\springframework\spring-core\6.2.0\spring-core-6.2.0.jar;C:\Users\Asus\.m2\repository\org\springframework\spring-jcl\6.2.0\spring-jcl-6.2.0.jar;C:\Users\Asus\.m2\repository\org\springframework\boot\spring-boot-starter-security\3.4.0\spring-boot-starter-security-3.4.0.jar;C:\Users\Asus\.m2\repository\org\springframework\spring-aop\6.2.0\spring-aop-6.2.0.jar;C:\Users\Asus\.m2\repository\org\springframework\security\spring-security-config\6.4.1\spring-security-config-6.4.1.jar;C:\Users\Asus\.m2\repository\org\springframework\security\spring-security-core\6.4.1\spring-security-core-6.4.1.jar;C:\Users\Asus\.m2\repository\org\springframework\security\spring-security-crypto\6.4.1\spring-security-crypto-6.4.1.jar;C:\Users\Asus\.m2\repository\org\springframework\security\spring-security-web\6.4.1\spring-security-web-6.4.1.jar;C:\Users\Asus\.m2\repository\io\jsonwebtoken\jjwt-api\0.11.5\jjwt-api-0.11.5.jar;C:\Users\Asus\.m2\repository\io\jsonwebtoken\jjwt-impl\0.11.5\jjwt-impl-0.11.5.jar;C:\Users\Asus\.m2\repository\io\jsonwebtoken\jjwt-jackson\0.11.5\jjwt-jackson-0.11.5.jar;C:\Users\Asus\.m2\repository\com\fasterxml\jackson\core\jackson-databind\2.18.1\jackson-databind-2.18.1.jar;C:\Users\Asus\.m2\repository\com\fasterxml\jackson\core\jackson-annotations\2.18.1\jackson-annotations-2.18.1.jar;C:\Users\Asus\.m2\repository\com\fasterxml\jackson\core\jackson-core\2.18.1\jackson-core-2.18.1.jar;C:\Users\Asus\.m2\repository\org\springframework\boot\spring-boot-starter-thymeleaf\3.4.1\spring-boot-starter-thymeleaf-3.4.1.jar;C:\Users\Asus\.m2\repository\org\thymeleaf\thymeleaf-spring6\3.1.2.RELEASE\thymeleaf-spring6-3.1.2.RELEASE.jar;C:\Users\Asus\.m2\repository\org\thymeleaf\thymeleaf\3.1.2.RELEASE\thymeleaf-3.1.2.RELEASE.jar;C:\Users\Asus\.m2\repository\org\attoparser\attoparser\2.0.7.RELEASE\attoparser-2.0.7.RELEASE.jar;C:\Users\Asus\.m2\repository\org\unbescape\unbescape\1.1.6.RELEASE\unbescape-1.1.6.RELEASE.jar;C:\\IntelliJ IDEA Community Edition 2023.1.3\lib\idea_rt.jar
Launcher Type: SUN_STANDARD

[Global flags]
     intx CICompilerCount                          = 4                                         {product} {ergonomic}
     uint ConcGCThreads                            = 3                                         {product} {ergonomic}
     uint G1ConcRefinementThreads                  = 10                                        {product} {ergonomic}
   size_t G1HeapRegionSize                         = 1048576                                   {product} {ergonomic}
    uintx GCDrainStackTargetSize                   = 64                                        {product} {ergonomic}
   size_t InitialHeapSize                          = 125829120                                 {product} {ergonomic}
   size_t MarkStackSize                            = 4194304                                   {product} {ergonomic}
   size_t MaxHeapSize                              = 1983905792                                {product} {ergonomic}
   size_t MaxNewSize                               = 1190133760                                {product} {ergonomic}
   size_t MinHeapDeltaBytes                        = 1048576                                   {product} {ergonomic}
   size_t MinHeapSize                              = 8388608                                   {product} {ergonomic}
    uintx NonNMethodCodeHeapSize                   = 5839372                                {pd product} {ergonomic}
    uintx NonProfiledCodeHeapSize                  = 122909434                              {pd product} {ergonomic}
    uintx ProfiledCodeHeapSize                     = 122909434                              {pd product} {ergonomic}
    uintx ReservedCodeCacheSize                    = 251658240                              {pd product} {ergonomic}
     bool SegmentedCodeCache                       = true                                      {product} {ergonomic}
   size_t SoftMaxHeapSize                          = 1983905792                             {manageable} {ergonomic}
     bool UseCompressedClassPointers               = true                           {product lp64_product} {ergonomic}
     bool UseCompressedOops                        = true                           {product lp64_product} {ergonomic}
     bool UseG1GC                                  = true                                      {product} {ergonomic}
     bool UseLargePagesIndividualAllocation        = false                                  {pd product} {ergonomic}

Logging:
Log output configuration:
 #0: stdout all=warning uptime,level,tags foldmultilines=false
 #1: stderr all=off uptime,level,tags foldmultilines=false

Environment Variables:
JAVA_HOME=C:\Program Files\Java\latest\jdk-21
PATH=C:\Program Files (x86)\Common Files\Oracle\Java\java8path;C:\Program Files (x86)\Common Files\Oracle\Java\javapath;C:\Program Files\Microsoft\jdk-11.0.16.101-hotspot\bin;C:\Program Files (x86)\NVIDIA Corporation\PhysX\Common;C:\ProgramData\Oracle\Java\javapath;C:\Windows\system32;C:\Windows;C:\Windows\System32\Wbem;C:\Windows\System32\WindowsPowerShell\v1.0\;C:\Windows\System32\OpenSSH\;C:\Program Files\dotnet\;C:\Users\Asus\AppData\Local\Programs\Python\Python310;C:\Users\Asus\AppData\Local\Programs\Python\Python310\Scripts;C:\Program Files (x86)\Windows Kits\10\Windows Performance Toolkit\;C:\Program Files\Docker\Docker\resources\bin;C:\Program Files (x86)\apache-maven-3.9.9\bin;C:\Program Files\Git\cmd;C:\Program Files\OpenSSL-Win64\bin;C:\Program Files (x86)\National Instruments\Shared\LabVIEW CLI;C:\Program Files\PuTTY\;C:\Users\Asus\AppData\Local\Microsoft\WindowsApps;C:\Program Files\JetBrains\PyCharm 2022.3.1\bin;;C:\Program Files\JetBrains\PyCharm Community Edition 2022.3.1\bin;;C:\Users\Asus\.dotnet\tools;C:\Program Files (x86)\apache-maven-3.9.9\bin;
USERNAME=Asus
OS=Windows_NT
PROCESSOR_IDENTIFIER=AMD64 Family 23 Model 104 Stepping 1, AuthenticAMD
TMP=C:\Users\Asus\AppData\Local\Temp
TEMP=C:\Users\Asus\AppData\Local\Temp




---------------  S Y S T E M  ---------------

OS:
 Windows 10 , 64 bit Build 19041 (10.0.19041.5198)
OS uptime: 2 days 12:18 hours
Hyper-V role detected

CPU: total 12 (initial active 12) (12 cores per cpu, 2 threads per core) family 23 model 104 stepping 1 microcode 0x0, cx8, cmov, fxsr, ht, mmx, 3dnowpref, sse, sse2, sse3, ssse3, sse4a, sse4.1, sse4.2, popcnt, lzcnt, tsc, tscinvbit, avx, avx2, aes, clmul, bmi1, bmi2, adx, sha, fma, vzeroupper, clflush, clflushopt, hv, rdtscp, rdpid, f16c

Memory: 4k page, system-wide physical 7563M (124M free)
TotalPageFile size 31115M (AvailPageFile size 5M)
current process WorkingSet (physical memory assigned to process): 147M, peak: 147M
current process commit charge ("private bytes"): 255M, peak: 256M

vm_info: OpenJDK 64-Bit Server VM (20.0.1+9-29) for windows-amd64 JRE (20.0.1+9-29), built on 2023-03-07T13:56:11Z by "mach5one" with MS VC++ 17.1 (VS2022)

END.
