#
# There is insufficient memory for the Java Runtime Environment to continue.
# Native memory allocation (malloc) failed to allocate 1234832 bytes for Chunk::new
# Possible reasons:
#   The system is out of physical RAM or swap space
#   The process is running with CompressedOops enabled, and the Java Heap may be blocking the growth of the native heap
# Possible solutions:
#   Reduce memory load on the system
#   Increase physical memory or swap space
#   Check if swap backing store is full
#   Decrease Java heap size (-Xmx/-Xms)
#   Decrease number of Java threads
#   Decrease Java thread stack sizes (-Xss)
#   Set larger code cache with -XX:ReservedCodeCacheSize=
#   JVM is running with Unscaled Compressed Oops mode in which the Java heap is
#     placed in the first 4GB address space. The Java Heap base address is the
#     maximum limit for the native heap growth. Please use -XX:HeapBaseMinAddress
#     to set the Java Heap base and to place the Java Heap above 4GB virtual address.
# This output file may be truncated or incomplete.
#
#  Out of Memory Error (arena.cpp:184), pid=11452, tid=23960
#
# JRE version: OpenJDK Runtime Environment (20.0.1+9) (build 20.0.1+9-29)
# Java VM: OpenJDK 64-Bit Server VM (20.0.1+9-29, mixed mode, sharing, tiered, compressed oops, compressed class ptrs, g1 gc, windows-amd64)
# No core dump will be written. Minidumps are not enabled by default on client versions of Windows
#

---------------  S U M M A R Y ------------

Command Line: -javaagent:C:\шн€га\IntelliJ IDEA Community Edition 2023.1.3\lib\idea_rt.jar=51676:C:\шн€га\IntelliJ IDEA Community Edition 2023.1.3\bin -Dfile.encoding=UTF-8 -Dsun.stdout.encoding=UTF-8 -Dsun.stderr.encoding=UTF-8 com.example.rental.RentalApplication

Host: AMD Ryzen 5 5500U with Radeon Graphics         , 12 cores, 7G,  Windows 10 , 64 bit Build 19041 (10.0.19041.5438)
Time: Sun Feb 16 23:19:03 2025 RTZ 2 (s 10 , 64 bit Build 19041 (10.0.19041.5438) elapsed time: 96.281576 seconds (0d 0h 1m 36s)

---------------  T H R E A D  ---------------

Current thread (0x0000021fff3cb890):  JavaThread "C2 CompilerThread0" daemon [_thread_in_native, id=23960, stack(0x000000abbb900000,0x000000abbba00000)]


Current CompileTask:
C2:  96281 12094       4       org.thymeleaf.engine.ProcessorTemplateHandler::handleOpenElement (1189 bytes)

Stack: [0x000000abbb900000,0x000000abbba00000]
Native frames: (J=compiled Java code, j=interpreted, Vv=VM code, C=native code)
V  [jvm.dll+0x6bb95a]
V  [jvm.dll+0x8485fa]
V  [jvm.dll+0x84a1f5]
V  [jvm.dll+0x84a8f3]
V  [jvm.dll+0x280b0f]
V  [jvm.dll+0xc2b11]
V  [jvm.dll+0xc2e35]
V  [jvm.dll+0x3bb17c]
V  [jvm.dll+0x1e6c43]
V  [jvm.dll+0x24b3ab]
V  [jvm.dll+0x24a651]
V  [jvm.dll+0x1ce491]
V  [jvm.dll+0x259e1b]
V  [jvm.dll+0x2584f0]
V  [jvm.dll+0x3f2895]
V  [jvm.dll+0x7f4b56]
V  [jvm.dll+0x6ba5cb]
C  [ucrtbase.dll+0x21bb2]
C  [KERNEL32.DLL+0x17374]
C  [ntdll.dll+0x4cc91]


---------------  P R O C E S S  ---------------

Threads class SMR info:
_java_thread_list=0x0000021f978c6430, length=48, elements={
0x0000021fff3c0120, 0x0000021fff3c1ed0, 0x0000021fff3c3f30, 0x0000021fff3c59c0,
0x0000021fff3c6460, 0x0000021fff3c3490, 0x0000021fff3cb890, 0x0000021fff3da310,
0x0000021fff3c4f20, 0x0000021fff3c39e0, 0x0000021fff3c4480, 0x0000021f93d49030,
0x0000021f93d46060, 0x0000021f93d49580, 0x0000021f93d48040, 0x0000021f93d455c0,
0x0000021f93d48ae0, 0x0000021f93d44080, 0x0000021f93d4aac0, 0x0000021f93d46b00,
0x0000021f93d4bab0, 0x0000021f93d49ad0, 0x0000021f93d44b20, 0x0000021f93d48590,
0x0000021f93d4a020, 0x0000021f93d45070, 0x0000021f93d445d0, 0x0000021fff3c2f40,
0x0000021fff3c5f10, 0x0000021fff3c49d0, 0x0000021f9561c2d0, 0x0000021f95619da0,
0x0000021f95619850, 0x0000021f9561a2f0, 0x0000021f9561a840, 0x0000021f9561c820,
0x0000021f9561ad90, 0x0000021f95618310, 0x0000021f95618db0, 0x0000021f95618860,
0x0000021f9561b2e0, 0x0000021f9561b830, 0x0000021f95619300, 0x0000021f9561cd70,
0x0000021f9561dd60, 0x0000021f9561d810, 0x0000021f9561e2b0, 0x0000021f95617dc0
}

Java Threads: ( => current thread )
  0x0000021fff3c0120 JavaThread "Reference Handler" daemon [_thread_blocked, id=30148, stack(0x000000abbb300000,0x000000abbb400000)]
  0x0000021fff3c1ed0 JavaThread "Finalizer" daemon [_thread_blocked, id=20288, stack(0x000000abbb400000,0x000000abbb500000)]
  0x0000021fff3c3f30 JavaThread "Signal Dispatcher" daemon [_thread_blocked, id=25672, stack(0x000000abbb500000,0x000000abbb600000)]
  0x0000021fff3c59c0 JavaThread "Attach Listener" daemon [_thread_blocked, id=25476, stack(0x000000abbb600000,0x000000abbb700000)]
  0x0000021fff3c6460 JavaThread "Service Thread" daemon [_thread_blocked, id=18112, stack(0x000000abbb700000,0x000000abbb800000)]
  0x0000021fff3c3490 JavaThread "Monitor Deflation Thread" daemon [_thread_blocked, id=3848, stack(0x000000abbb800000,0x000000abbb900000)]
=>0x0000021fff3cb890 JavaThread "C2 CompilerThread0" daemon [_thread_in_native, id=23960, stack(0x000000abbb900000,0x000000abbba00000)]
  0x0000021fff3da310 JavaThread "C1 CompilerThread0" daemon [_thread_blocked, id=27740, stack(0x000000abbba00000,0x000000abbbb00000)]
  0x0000021fff3c4f20 JavaThread "Common-Cleaner" daemon [_thread_blocked, id=21648, stack(0x000000abbbb00000,0x000000abbbc00000)]
  0x0000021fff3c39e0 JavaThread "Monitor Ctrl-Break" daemon [_thread_in_native, id=21612, stack(0x000000abbbd00000,0x000000abbbe00000)]
  0x0000021fff3c4480 JavaThread "Notification Thread" daemon [_thread_blocked, id=30360, stack(0x000000abbbe00000,0x000000abbbf00000)]
  0x0000021f93d49030 JavaThread "lettuce-timer-3-1" daemon [_thread_blocked, id=14524, stack(0x000000abbbc00000,0x000000abbbd00000)]
  0x0000021f93d46060 JavaThread "PostgreSQL-JDBC-Cleaner" daemon [_thread_blocked, id=25640, stack(0x000000abbcc00000,0x000000abbcd00000)]
  0x0000021f93d49580 JavaThread "HikariPool-1 housekeeper" daemon [_thread_blocked, id=25480, stack(0x000000abbcd00000,0x000000abbce00000)]
  0x0000021f93d48040 JavaThread "Catalina-utility-1" [_thread_blocked, id=16748, stack(0x000000abbcf00000,0x000000abbd000000)]
  0x0000021f93d455c0 JavaThread "Catalina-utility-2" [_thread_blocked, id=17508, stack(0x000000abbd000000,0x000000abbd100000)]
  0x0000021f93d48ae0 JavaThread "http-nio-8255-exec-1" daemon [_thread_blocked, id=23992, stack(0x000000abbd100000,0x000000abbd200000)]
  0x0000021f93d44080 JavaThread "http-nio-8255-exec-2" daemon [_thread_blocked, id=18064, stack(0x000000abbd200000,0x000000abbd300000)]
  0x0000021f93d4aac0 JavaThread "http-nio-8255-exec-3" daemon [_thread_blocked, id=18676, stack(0x000000abbd300000,0x000000abbd400000)]
  0x0000021f93d46b00 JavaThread "http-nio-8255-exec-4" daemon [_thread_blocked, id=4040, stack(0x000000abbd400000,0x000000abbd500000)]
  0x0000021f93d4bab0 JavaThread "http-nio-8255-exec-5" daemon [_thread_blocked, id=15496, stack(0x000000abbd500000,0x000000abbd600000)]
  0x0000021f93d49ad0 JavaThread "http-nio-8255-exec-6" daemon [_thread_blocked, id=18292, stack(0x000000abbd600000,0x000000abbd700000)]
  0x0000021f93d44b20 JavaThread "http-nio-8255-exec-7" daemon [_thread_blocked, id=23484, stack(0x000000abbd700000,0x000000abbd800000)]
  0x0000021f93d48590 JavaThread "http-nio-8255-exec-8" daemon [_thread_blocked, id=25960, stack(0x000000abbd800000,0x000000abbd900000)]
  0x0000021f93d4a020 JavaThread "http-nio-8255-exec-9" daemon [_thread_blocked, id=11260, stack(0x000000abbd900000,0x000000abbda00000)]
  0x0000021f93d45070 JavaThread "http-nio-8255-exec-10" daemon [_thread_blocked, id=21800, stack(0x000000abbda00000,0x000000abbdb00000)]
  0x0000021f93d445d0 JavaThread "container-0" [_thread_blocked, id=16644, stack(0x000000abbdb00000,0x000000abbdc00000)]
  0x0000021fff3c2f40 JavaThread "spectator-gauge-polling-0" daemon [_thread_blocked, id=29208, stack(0x000000abbdd00000,0x000000abbde00000)]
  0x0000021fff3c5f10 JavaThread "AsyncResolver-bootstrap-%d" daemon [_thread_blocked, id=25440, stack(0x000000abbde00000,0x000000abbdf00000)]
  0x0000021fff3c49d0 JavaThread "DiscoveryClient-%d" daemon [_thread_blocked, id=11900, stack(0x000000abbdf00000,0x000000abbe000000)]
  0x0000021f9561c2d0 JavaThread "DiscoveryClient-%d" daemon [_thread_blocked, id=25652, stack(0x000000abbe000000,0x000000abbe100000)]
  0x0000021f95619da0 JavaThread "DiscoveryClient-InstanceInfoReplicator-%d" daemon [_thread_blocked, id=22628, stack(0x000000abbe100000,0x000000abbe200000)]
  0x0000021f95619850 JavaThread "http-nio-8255-Poller" daemon [_thread_in_native, id=17804, stack(0x000000abbe200000,0x000000abbe300000)]
  0x0000021f9561a2f0 JavaThread "http-nio-8255-Acceptor" daemon [_thread_in_native, id=18256, stack(0x000000abbe300000,0x000000abbe400000)]
  0x0000021f9561a840 JavaThread "DestroyJavaVM" [_thread_blocked, id=3536, stack(0x000000abbac00000,0x000000abbad00000)]
  0x0000021f9561c820 JavaThread "lettuce-nioEventLoop-4-1" daemon [_thread_in_native, id=5380, stack(0x000000abbe600000,0x000000abbe700000)]
  0x0000021f9561ad90 JavaThread "pool-3-thread-1" [_thread_blocked, id=17896, stack(0x000000abbe700000,0x000000abbe800000)]
  0x0000021f95618310 JavaThread "kafka-producer-network-thread | producer-1" daemon [_thread_in_native, id=11060, stack(0x000000abbe800000,0x000000abbe900000)]
  0x0000021f95618db0 JavaThread "DiscoveryClient-HeartbeatExecutor-%d" daemon [_thread_blocked, id=13508, stack(0x000000abbe900000,0x000000abbea00000)]
  0x0000021f95618860 JavaThread "DiscoveryClient-CacheRefreshExecutor-%d" daemon [_thread_blocked, id=23656, stack(0x000000abbea00000,0x000000abbeb00000)]
  0x0000021f9561b2e0 JavaThread "pool-3-thread-2" [_thread_blocked, id=28808, stack(0x000000abba900000,0x000000abbaa00000)]
  0x0000021f9561b830 JavaThread "ForkJoinPool.commonPool-worker-1" daemon [_thread_blocked, id=12672, stack(0x000000abbaa00000,0x000000abbab00000)]
  0x0000021f95619300 JavaThread "boundedElastic-evictor-1" daemon [_thread_blocked, id=26708, stack(0x000000abbab00000,0x000000abbac00000)]
  0x0000021f9561cd70 JavaThread "pool-6-thread-1" daemon [_thread_blocked, id=30408, stack(0x000000abbeb00000,0x000000abbec00000)]
  0x0000021f9561dd60 JavaThread "boundedElastic-1" daemon [_thread_blocked, id=16712, stack(0x000000abbec00000,0x000000abbed00000)]
  0x0000021f9561d810 JavaThread "pool-3-thread-3" [_thread_blocked, id=15160, stack(0x000000abbce00000,0x000000abbcf00000)]
  0x0000021f9561e2b0 JavaThread "pool-3-thread-4" [_thread_blocked, id=28216, stack(0x000000abbed00000,0x000000abbee00000)]
  0x0000021f95617dc0 JavaThread "pool-3-thread-5" [_thread_blocked, id=18076, stack(0x000000abbdc00000,0x000000abbdd00000)]

Other Threads:
  0x0000021fff39cb30 VMThread "VM Thread" [stack: 0x000000abbb200000,0x000000abbb300000] [id=7576]
  0x0000021fff7dac00 WatcherThread "VM Periodic Task Thread" [stack: 0x000000abbbf00000,0x000000abbc000000] [id=29740]
  0x0000021ff18fe280 WorkerThread "GC Thread#0" [stack: 0x000000abbad00000,0x000000abbae00000] [id=29272]
  0x0000021f93bd1300 WorkerThread "GC Thread#1" [stack: 0x000000abbc000000,0x000000abbc100000] [id=18228]
  0x0000021f93bd15d0 WorkerThread "GC Thread#2" [stack: 0x000000abbc100000,0x000000abbc200000] [id=29328]
  0x0000021f93bd2c50 WorkerThread "GC Thread#3" [stack: 0x000000abbc200000,0x000000abbc300000] [id=6260]
  0x0000021f93bd26b0 WorkerThread "GC Thread#4" [stack: 0x000000abbc300000,0x000000abbc400000] [id=15368]
  0x0000021f93bd18a0 WorkerThread "GC Thread#5" [stack: 0x000000abbc400000,0x000000abbc500000] [id=25632]
  0x0000021f93bd23e0 WorkerThread "GC Thread#6" [stack: 0x000000abbc700000,0x000000abbc800000] [id=27024]
  0x0000021f93bd2f20 WorkerThread "GC Thread#7" [stack: 0x000000abbc800000,0x000000abbc900000] [id=26340]
  0x0000021f93bd2110 WorkerThread "GC Thread#8" [stack: 0x000000abbc900000,0x000000abbca00000] [id=5236]
  0x0000021f93e53ff0 WorkerThread "GC Thread#9" [stack: 0x000000abbca00000,0x000000abbcb00000] [id=27440]
  0x0000021ff190eed0 ConcurrentGCThread "G1 Main Marker" [stack: 0x000000abbae00000,0x000000abbaf00000] [id=24516]
  0x0000021ff190f810 WorkerThread "G1 Conc#0" [stack: 0x000000abbaf00000,0x000000abbb000000] [id=8104]
  0x0000021f93e53d20 WorkerThread "G1 Conc#1" [stack: 0x000000abbc600000,0x000000abbc700000] [id=26888]
  0x0000021f93e542c0 WorkerThread "G1 Conc#2" [stack: 0x000000abbcb00000,0x000000abbcc00000] [id=7148]
  0x0000021ff194e020 ConcurrentGCThread "G1 Refine#0" [stack: 0x000000abbb000000,0x000000abbb100000] [id=25316]
  0x0000021ff194e9d0 ConcurrentGCThread "G1 Service" [stack: 0x000000abbb100000,0x000000abbb200000] [id=27236]

Threads with active compile tasks:
C2 CompilerThread0    96316 12094       4       org.thymeleaf.engine.ProcessorTemplateHandler::handleOpenElement (1189 bytes)

VM state: not at safepoint (normal execution)

VM Mutex/Monitor currently owned by a thread: None

Heap address: 0x0000000089c00000, size: 1892 MB, Compressed Oops mode: 32-bit

CDS archive(s) mapped at: [0x0000000800000000-0x0000000800c60000-0x0000000800c60000), size 12976128, SharedBaseAddress: 0x0000000800000000, ArchiveRelocationMode: 0.
Compressed class space mapped at: 0x0000000801000000-0x0000000841000000, reserved size: 1073741824
Narrow klass base: 0x0000000800000000, Narrow klass shift: 0, Narrow klass range: 0x100000000

GC Precious Log:
 CardTable entry size: 512
 Card Set container configuration: InlinePtr #cards 5 size 8 Array Of Cards #cards 12 size 40 Howl #buckets 4 coarsen threshold 1843 Howl Bitmap #cards 512 size 80 coarsen threshold 460 Card regions per heap region 1 cards per card region 2048
 CPUs: 12 total, 12 available
 Memory: 7563M
 Large Page Support: Disabled
 NUMA Support: Disabled
 Compressed Oops: Enabled (32-bit)
 Heap Region Size: 1M
 Heap Min Capacity: 8M
 Heap Initial Capacity: 120M
 Heap Max Capacity: 1892M
 Pre-touch: Disabled
 Parallel Workers: 10
 Concurrent Workers: 3
 Concurrent Refinement Workers: 10
 Periodic GC: Disabled

Heap:
 garbage-first heap   total 112640K, used 66347K [0x0000000089c00000, 0x0000000100000000)
  region size 1024K, 6 young (6144K), 2 survivors (2048K)
 Metaspace       used 114315K, committed 115328K, reserved 1179648K
  class space    used 14966K, committed 15424K, reserved 1048576K

Heap Regions: E=young(eden), S=young(survivor), O=old, HS=humongous(starts), HC=humongous(continues), CS=collection set, F=free, OA=open archive, CA=closed archive, TAMS=top-at-mark-start, PB=parsable bottom
|   0|0x0000000089c00000, 0x0000000089d00000, 0x0000000089d00000|100%|HS|  |TAMS 0x0000000089c00000| PB 0x0000000089c00000| Complete 
|   1|0x0000000089d00000, 0x0000000089e00000, 0x0000000089e00000|100%|HS|  |TAMS 0x0000000089d00000| PB 0x0000000089d00000| Complete 
|   2|0x0000000089e00000, 0x0000000089f00000, 0x0000000089f00000|100%| O|  |TAMS 0x0000000089e00000| PB 0x0000000089e00000| Untracked 
|   3|0x0000000089f00000, 0x000000008a000000, 0x000000008a000000|100%| O|  |TAMS 0x0000000089f00000| PB 0x0000000089f00000| Untracked 
|   4|0x000000008a000000, 0x000000008a100000, 0x000000008a100000|100%| O|  |TAMS 0x000000008a000000| PB 0x000000008a000000| Untracked 
|   5|0x000000008a100000, 0x000000008a200000, 0x000000008a200000|100%| O|  |TAMS 0x000000008a100000| PB 0x000000008a100000| Untracked 
|   6|0x000000008a200000, 0x000000008a300000, 0x000000008a300000|100%| O|  |TAMS 0x000000008a200000| PB 0x000000008a200000| Untracked 
|   7|0x000000008a300000, 0x000000008a400000, 0x000000008a400000|100%| O|  |TAMS 0x000000008a300000| PB 0x000000008a300000| Untracked 
|   8|0x000000008a400000, 0x000000008a500000, 0x000000008a500000|100%| O|  |TAMS 0x000000008a400000| PB 0x000000008a400000| Untracked 
|   9|0x000000008a500000, 0x000000008a600000, 0x000000008a600000|100%| O|  |TAMS 0x000000008a500000| PB 0x000000008a500000| Untracked 
|  10|0x000000008a600000, 0x000000008a700000, 0x000000008a700000|100%| O|  |TAMS 0x000000008a600000| PB 0x000000008a600000| Untracked 
|  11|0x000000008a700000, 0x000000008a800000, 0x000000008a800000|100%| O|  |TAMS 0x000000008a700000| PB 0x000000008a700000| Untracked 
|  12|0x000000008a800000, 0x000000008a900000, 0x000000008a900000|100%| O|  |TAMS 0x000000008a800000| PB 0x000000008a800000| Untracked 
|  13|0x000000008a900000, 0x000000008aa00000, 0x000000008aa00000|100%| O|  |TAMS 0x000000008a900000| PB 0x000000008a900000| Untracked 
|  14|0x000000008aa00000, 0x000000008ab00000, 0x000000008ab00000|100%| O|  |TAMS 0x000000008aa00000| PB 0x000000008aa00000| Untracked 
|  15|0x000000008ab00000, 0x000000008ac00000, 0x000000008ac00000|100%| O|  |TAMS 0x000000008ab00000| PB 0x000000008ab00000| Untracked 
|  16|0x000000008ac00000, 0x000000008ad00000, 0x000000008ad00000|100%| O|  |TAMS 0x000000008ac00000| PB 0x000000008ac00000| Untracked 
|  17|0x000000008ad00000, 0x000000008ae00000, 0x000000008ae00000|100%| O|  |TAMS 0x000000008ad00000| PB 0x000000008ad00000| Untracked 
|  18|0x000000008ae00000, 0x000000008af00000, 0x000000008af00000|100%| O|  |TAMS 0x000000008ae00000| PB 0x000000008ae00000| Untracked 
|  19|0x000000008af00000, 0x000000008b000000, 0x000000008b000000|100%| O|  |TAMS 0x000000008af00000| PB 0x000000008af00000| Untracked 
|  20|0x000000008b000000, 0x000000008b100000, 0x000000008b100000|100%| O|  |TAMS 0x000000008b000000| PB 0x000000008b000000| Untracked 
|  21|0x000000008b100000, 0x000000008b200000, 0x000000008b200000|100%| O|  |TAMS 0x000000008b100000| PB 0x000000008b100000| Untracked 
|  22|0x000000008b200000, 0x000000008b300000, 0x000000008b300000|100%| O|  |TAMS 0x000000008b200000| PB 0x000000008b200000| Untracked 
|  23|0x000000008b300000, 0x000000008b400000, 0x000000008b400000|100%| O|  |TAMS 0x000000008b300000| PB 0x000000008b300000| Untracked 
|  24|0x000000008b400000, 0x000000008b500000, 0x000000008b500000|100%| O|  |TAMS 0x000000008b400000| PB 0x000000008b400000| Untracked 
|  25|0x000000008b500000, 0x000000008b600000, 0x000000008b600000|100%| O|  |TAMS 0x000000008b500000| PB 0x000000008b500000| Untracked 
|  26|0x000000008b600000, 0x000000008b700000, 0x000000008b700000|100%| O|  |TAMS 0x000000008b600000| PB 0x000000008b600000| Untracked 
|  27|0x000000008b700000, 0x000000008b800000, 0x000000008b800000|100%| O|  |TAMS 0x000000008b700000| PB 0x000000008b700000| Untracked 
|  28|0x000000008b800000, 0x000000008b900000, 0x000000008b900000|100%| O|  |TAMS 0x000000008b800000| PB 0x000000008b800000| Untracked 
|  29|0x000000008b900000, 0x000000008ba00000, 0x000000008ba00000|100%| O|  |TAMS 0x000000008b900000| PB 0x000000008b900000| Untracked 
|  30|0x000000008ba00000, 0x000000008bb00000, 0x000000008bb00000|100%| O|  |TAMS 0x000000008ba00000| PB 0x000000008ba00000| Untracked 
|  31|0x000000008bb00000, 0x000000008bc00000, 0x000000008bc00000|100%| O|  |TAMS 0x000000008bb00000| PB 0x000000008bb00000| Untracked 
|  32|0x000000008bc00000, 0x000000008bd00000, 0x000000008bd00000|100%| O|  |TAMS 0x000000008bc00000| PB 0x000000008bc00000| Untracked 
|  33|0x000000008bd00000, 0x000000008be00000, 0x000000008be00000|100%| O|  |TAMS 0x000000008bd00000| PB 0x000000008bd00000| Untracked 
|  34|0x000000008be00000, 0x000000008bf00000, 0x000000008bf00000|100%| O|  |TAMS 0x000000008be00000| PB 0x000000008be00000| Untracked 
|  35|0x000000008bf00000, 0x000000008c000000, 0x000000008c000000|100%| O|  |TAMS 0x000000008bf00000| PB 0x000000008bf00000| Untracked 
|  36|0x000000008c000000, 0x000000008c100000, 0x000000008c100000|100%| O|  |TAMS 0x000000008c000000| PB 0x000000008c000000| Untracked 
|  37|0x000000008c100000, 0x000000008c200000, 0x000000008c200000|100%| O|  |TAMS 0x000000008c100000| PB 0x000000008c100000| Untracked 
|  38|0x000000008c200000, 0x000000008c300000, 0x000000008c300000|100%| O|  |TAMS 0x000000008c200000| PB 0x000000008c200000| Untracked 
|  39|0x000000008c300000, 0x000000008c400000, 0x000000008c400000|100%| O|  |TAMS 0x000000008c300000| PB 0x000000008c300000| Untracked 
|  40|0x000000008c400000, 0x000000008c500000, 0x000000008c500000|100%| O|  |TAMS 0x000000008c400000| PB 0x000000008c400000| Untracked 
|  41|0x000000008c500000, 0x000000008c600000, 0x000000008c600000|100%| O|  |TAMS 0x000000008c500000| PB 0x000000008c500000| Untracked 
|  42|0x000000008c600000, 0x000000008c700000, 0x000000008c700000|100%| O|  |TAMS 0x000000008c600000| PB 0x000000008c600000| Untracked 
|  43|0x000000008c700000, 0x000000008c800000, 0x000000008c800000|100%| O|  |TAMS 0x000000008c700000| PB 0x000000008c700000| Untracked 
|  44|0x000000008c800000, 0x000000008c900000, 0x000000008c900000|100%| O|  |TAMS 0x000000008c800000| PB 0x000000008c800000| Untracked 
|  45|0x000000008c900000, 0x000000008ca00000, 0x000000008ca00000|100%| O|  |TAMS 0x000000008c900000| PB 0x000000008c900000| Untracked 
|  46|0x000000008ca00000, 0x000000008cb00000, 0x000000008cb00000|100%| O|  |TAMS 0x000000008ca00000| PB 0x000000008ca00000| Untracked 
|  47|0x000000008cb00000, 0x000000008cb00000, 0x000000008cc00000|  0%| F|  |TAMS 0x000000008cb00000| PB 0x000000008cb00000| Untracked 
|  48|0x000000008cc00000, 0x000000008cc00000, 0x000000008cd00000|  0%| F|  |TAMS 0x000000008cc00000| PB 0x000000008cc00000| Untracked 
|  49|0x000000008cd00000, 0x000000008ce00000, 0x000000008ce00000|100%| O|  |TAMS 0x000000008cd00000| PB 0x000000008cd00000| Untracked 
|  50|0x000000008ce00000, 0x000000008cf00000, 0x000000008cf00000|100%| O|  |TAMS 0x000000008ce00000| PB 0x000000008ce00000| Untracked 
|  51|0x000000008cf00000, 0x000000008d000000, 0x000000008d000000|100%| O|  |TAMS 0x000000008cf00000| PB 0x000000008cf00000| Untracked 
|  52|0x000000008d000000, 0x000000008d100000, 0x000000008d100000|100%| O|  |TAMS 0x000000008d000000| PB 0x000000008d000000| Complete 
|  53|0x000000008d100000, 0x000000008d200000, 0x000000008d200000|100%| O|  |TAMS 0x000000008d100000| PB 0x000000008d100000| Complete 
|  54|0x000000008d200000, 0x000000008d300000, 0x000000008d300000|100%| O|  |TAMS 0x000000008d200000| PB 0x000000008d200000| Untracked 
|  55|0x000000008d300000, 0x000000008d400000, 0x000000008d400000|100%| O|  |TAMS 0x000000008d300000| PB 0x000000008d300000| Untracked 
|  56|0x000000008d400000, 0x000000008d500000, 0x000000008d500000|100%| O|  |TAMS 0x000000008d400000| PB 0x000000008d400000| Untracked 
|  57|0x000000008d500000, 0x000000008d600000, 0x000000008d600000|100%| O|  |TAMS 0x000000008d500000| PB 0x000000008d500000| Untracked 
|  58|0x000000008d600000, 0x000000008d700000, 0x000000008d700000|100%| O|  |TAMS 0x000000008d600000| PB 0x000000008d600000| Untracked 
|  59|0x000000008d700000, 0x000000008d700000, 0x000000008d800000|  0%| F|  |TAMS 0x000000008d700000| PB 0x000000008d700000| Untracked 
|  60|0x000000008d800000, 0x000000008d900000, 0x000000008d900000|100%| O|  |TAMS 0x000000008d800000| PB 0x000000008d800000| Untracked 
|  61|0x000000008d900000, 0x000000008da00000, 0x000000008da00000|100%| O|  |TAMS 0x000000008d900000| PB 0x000000008d900000| Untracked 
|  62|0x000000008da00000, 0x000000008db00000, 0x000000008db00000|100%| O|  |TAMS 0x000000008da00000| PB 0x000000008da00000| Complete 
|  63|0x000000008db00000, 0x000000008db00000, 0x000000008dc00000|  0%| F|  |TAMS 0x000000008db00000| PB 0x000000008db00000| Untracked 
|  64|0x000000008dc00000, 0x000000008dc00000, 0x000000008dd00000|  0%| F|  |TAMS 0x000000008dc00000| PB 0x000000008dc00000| Untracked 
|  65|0x000000008dd00000, 0x000000008dd00000, 0x000000008de00000|  0%| F|  |TAMS 0x000000008dd00000| PB 0x000000008dd00000| Untracked 
|  66|0x000000008de00000, 0x000000008de00000, 0x000000008df00000|  0%| F|  |TAMS 0x000000008de00000| PB 0x000000008de00000| Untracked 
|  67|0x000000008df00000, 0x000000008df00000, 0x000000008e000000|  0%| F|  |TAMS 0x000000008df00000| PB 0x000000008df00000| Untracked 
|  68|0x000000008e000000, 0x000000008e0caea0, 0x000000008e100000| 79%| S|CS|TAMS 0x000000008e000000| PB 0x000000008e000000| Complete 
|  69|0x000000008e100000, 0x000000008e200000, 0x000000008e200000|100%| S|CS|TAMS 0x000000008e100000| PB 0x000000008e100000| Complete 
|  70|0x000000008e200000, 0x000000008e200000, 0x000000008e300000|  0%| F|  |TAMS 0x000000008e200000| PB 0x000000008e200000| Untracked 
|  71|0x000000008e300000, 0x000000008e300000, 0x000000008e400000|  0%| F|  |TAMS 0x000000008e300000| PB 0x000000008e300000| Untracked 
|  72|0x000000008e400000, 0x000000008e400000, 0x000000008e500000|  0%| F|  |TAMS 0x000000008e400000| PB 0x000000008e400000| Untracked 
|  73|0x000000008e500000, 0x000000008e500000, 0x000000008e600000|  0%| F|  |TAMS 0x000000008e500000| PB 0x000000008e500000| Untracked 
|  74|0x000000008e600000, 0x000000008e600000, 0x000000008e700000|  0%| F|  |TAMS 0x000000008e600000| PB 0x000000008e600000| Untracked 
|  75|0x000000008e700000, 0x000000008e700000, 0x000000008e800000|  0%| F|  |TAMS 0x000000008e700000| PB 0x000000008e700000| Untracked 
|  76|0x000000008e800000, 0x000000008e800000, 0x000000008e900000|  0%| F|  |TAMS 0x000000008e800000| PB 0x000000008e800000| Untracked 
|  77|0x000000008e900000, 0x000000008e900000, 0x000000008ea00000|  0%| F|  |TAMS 0x000000008e900000| PB 0x000000008e900000| Untracked 
|  78|0x000000008ea00000, 0x000000008ea00000, 0x000000008eb00000|  0%| F|  |TAMS 0x000000008ea00000| PB 0x000000008ea00000| Untracked 
|  79|0x000000008eb00000, 0x000000008eb00000, 0x000000008ec00000|  0%| F|  |TAMS 0x000000008eb00000| PB 0x000000008eb00000| Untracked 
|  80|0x000000008ec00000, 0x000000008ec00000, 0x000000008ed00000|  0%| F|  |TAMS 0x000000008ec00000| PB 0x000000008ec00000| Untracked 
|  81|0x000000008ed00000, 0x000000008ed00000, 0x000000008ee00000|  0%| F|  |TAMS 0x000000008ed00000| PB 0x000000008ed00000| Untracked 
|  82|0x000000008ee00000, 0x000000008ee00000, 0x000000008ef00000|  0%| F|  |TAMS 0x000000008ee00000| PB 0x000000008ee00000| Untracked 
|  83|0x000000008ef00000, 0x000000008ef00000, 0x000000008f000000|  0%| F|  |TAMS 0x000000008ef00000| PB 0x000000008ef00000| Untracked 
|  84|0x000000008f000000, 0x000000008f000000, 0x000000008f100000|  0%| F|  |TAMS 0x000000008f000000| PB 0x000000008f000000| Untracked 
|  85|0x000000008f100000, 0x000000008f100000, 0x000000008f200000|  0%| F|  |TAMS 0x000000008f100000| PB 0x000000008f100000| Untracked 
|  86|0x000000008f200000, 0x000000008f200000, 0x000000008f300000|  0%| F|  |TAMS 0x000000008f200000| PB 0x000000008f200000| Untracked 
|  87|0x000000008f300000, 0x000000008f300000, 0x000000008f400000|  0%| F|  |TAMS 0x000000008f300000| PB 0x000000008f300000| Untracked 
|  88|0x000000008f400000, 0x000000008f400000, 0x000000008f500000|  0%| F|  |TAMS 0x000000008f400000| PB 0x000000008f400000| Untracked 
|  89|0x000000008f500000, 0x000000008f500000, 0x000000008f600000|  0%| F|  |TAMS 0x000000008f500000| PB 0x000000008f500000| Untracked 
|  90|0x000000008f600000, 0x000000008f600000, 0x000000008f700000|  0%| F|  |TAMS 0x000000008f600000| PB 0x000000008f600000| Untracked 
|  91|0x000000008f700000, 0x000000008f700000, 0x000000008f800000|  0%| F|  |TAMS 0x000000008f700000| PB 0x000000008f700000| Untracked 
|  92|0x000000008f800000, 0x000000008f800000, 0x000000008f900000|  0%| F|  |TAMS 0x000000008f800000| PB 0x000000008f800000| Untracked 
|  93|0x000000008f900000, 0x000000008f900000, 0x000000008fa00000|  0%| F|  |TAMS 0x000000008f900000| PB 0x000000008f900000| Untracked 
|  94|0x000000008fa00000, 0x000000008fa00000, 0x000000008fb00000|  0%| F|  |TAMS 0x000000008fa00000| PB 0x000000008fa00000| Untracked 
|  95|0x000000008fb00000, 0x000000008fb00000, 0x000000008fc00000|  0%| F|  |TAMS 0x000000008fb00000| PB 0x000000008fb00000| Untracked 
|  96|0x000000008fc00000, 0x000000008fc00000, 0x000000008fd00000|  0%| F|  |TAMS 0x000000008fc00000| PB 0x000000008fc00000| Untracked 
|  97|0x000000008fd00000, 0x000000008fd00000, 0x000000008fe00000|  0%| F|  |TAMS 0x000000008fd00000| PB 0x000000008fd00000| Untracked 
|  98|0x000000008fe00000, 0x000000008fe00000, 0x000000008ff00000|  0%| F|  |TAMS 0x000000008fe00000| PB 0x000000008fe00000| Untracked 
|  99|0x000000008ff00000, 0x000000008ff00000, 0x0000000090000000|  0%| F|  |TAMS 0x000000008ff00000| PB 0x000000008ff00000| Untracked 
| 100|0x0000000090000000, 0x000000009009ed70, 0x0000000090100000| 62%| E|  |TAMS 0x0000000090000000| PB 0x0000000090000000| Complete 
| 101|0x0000000090100000, 0x0000000090200000, 0x0000000090200000|100%| E|CS|TAMS 0x0000000090100000| PB 0x0000000090100000| Complete 
| 102|0x0000000090200000, 0x0000000090300000, 0x0000000090300000|100%| E|CS|TAMS 0x0000000090200000| PB 0x0000000090200000| Complete 
| 103|0x0000000090300000, 0x0000000090300000, 0x0000000090400000|  0%| F|  |TAMS 0x0000000090300000| PB 0x0000000090300000| Untracked 
| 104|0x0000000090400000, 0x0000000090400000, 0x0000000090500000|  0%| F|  |TAMS 0x0000000090400000| PB 0x0000000090400000| Untracked 
| 105|0x0000000090500000, 0x0000000090500000, 0x0000000090600000|  0%| F|  |TAMS 0x0000000090500000| PB 0x0000000090500000| Untracked 
| 106|0x0000000090600000, 0x0000000090600000, 0x0000000090700000|  0%| F|  |TAMS 0x0000000090600000| PB 0x0000000090600000| Untracked 
| 107|0x0000000090700000, 0x0000000090700000, 0x0000000090800000|  0%| F|  |TAMS 0x0000000090700000| PB 0x0000000090700000| Untracked 
| 108|0x0000000090800000, 0x0000000090800000, 0x0000000090900000|  0%| F|  |TAMS 0x0000000090800000| PB 0x0000000090800000| Untracked 
| 119|0x0000000091300000, 0x0000000091400000, 0x0000000091400000|100%| E|CS|TAMS 0x0000000091300000| PB 0x0000000091300000| Complete 

Card table byte_map: [0x0000021ffa250000,0x0000021ffa610000] _byte_map_base: 0x0000021ff9e02000

Marking Bits: (CMBitMap*) 0x0000021ff18ff7d0
 Bits: [0x0000021ffa9d0000, 0x0000021ffc760000)

Polling page: 0x0000021fef690000

Metaspace:

Usage:
  Non-class:     97.02 MB used.
      Class:     14.62 MB used.
       Both:    111.64 MB used.

Virtual space:
  Non-class space:      128.00 MB reserved,      97.56 MB ( 76%) committed,  2 nodes.
      Class space:        1.00 GB reserved,      15.06 MB (  1%) committed,  1 nodes.
             Both:        1.12 GB reserved,     112.62 MB ( 10%) committed. 

Chunk freelists:
   Non-Class:  2.42 MB
       Class:  956.00 KB
        Both:  3.36 MB

MaxMetaspaceSize: unlimited
CompressedClassSpaceSize: 1.00 GB
Initial GC threshold: 21.00 MB
Current GC threshold: 187.75 MB
CDS: on
MetaspaceReclaimPolicy: balanced
 - commit_granule_bytes: 65536.
 - commit_granule_words: 8192.
 - virtual_space_node_default_size: 8388608.
 - enlarge_chunks_in_place: 1.
 - new_chunks_are_fully_committed: 0.
 - uncommit_free_chunks: 1.
 - use_allocation_guard: 0.


Internal statistics:

num_allocs_failed_limit: 9.
num_arena_births: 1388.
num_arena_deaths: 0.
num_vsnodes_births: 3.
num_vsnodes_deaths: 0.
num_space_committed: 1802.
num_space_uncommitted: 0.
num_chunks_returned_to_freelist: 9.
num_chunks_taken_from_freelist: 5561.
num_chunk_merges: 9.
num_chunk_splits: 4065.
num_chunks_enlarged: 3249.
num_inconsistent_stats: 0.

CodeHeap 'non-profiled nmethods': size=120000Kb used=6002Kb max_used=6448Kb free=113997Kb
 bounds [0x0000021f87ad0000, 0x0000021f88120000, 0x0000021f8f000000]
CodeHeap 'profiled nmethods': size=120000Kb used=18184Kb max_used=19382Kb free=101815Kb
 bounds [0x0000021f80000000, 0x0000021f812f0000, 0x0000021f87530000]
CodeHeap 'non-nmethods': size=5760Kb used=1979Kb max_used=2026Kb free=3780Kb
 bounds [0x0000021f87530000, 0x0000021f877a0000, 0x0000021f87ad0000]
 total_blobs=11099 nmethods=10196 adapters=810
 compilation: enabled
              stopped_count=0, restarted_count=0
 full_count=0

Compilation events (20 events):
Event: 95.953 Thread 0x0000021fff3da310 12108       3       org.apache.tomcat.util.net.NioChannel::checkInterruptStatus (23 bytes)
Event: 95.954 Thread 0x0000021fff3da310 nmethod 12108 0x0000021f812ead10 code [0x0000021f812eaee0, 0x0000021f812eb328]
Event: 95.958 Thread 0x0000021fff3da310 12126       2       java.nio.CharBuffer::rewind (5 bytes)
Event: 95.959 Thread 0x0000021fff3da310 nmethod 12126 0x0000021f812eb490 code [0x0000021f812eb620, 0x0000021f812eb738]
Event: 95.959 Thread 0x0000021fff3da310 12127       2       java.nio.CharBuffer::rewind (7 bytes)
Event: 95.959 Thread 0x0000021fff3da310 nmethod 12127 0x0000021f812eb810 code [0x0000021f812eb9a0, 0x0000021f812ebab8]
Event: 95.962 Thread 0x0000021fff3da310 12128       2       org.apache.catalina.connector.OutputBuffer::flushByteBuffer (20 bytes)
Event: 95.962 Thread 0x0000021fff3da310 nmethod 12128 0x0000021f812ebb90 code [0x0000021f812ebd40, 0x0000021f812ebee8]
Event: 95.962 Thread 0x0000021fff3da310 12129   !   2       org.apache.catalina.connector.OutputBuffer::realWriteBytes (45 bytes)
Event: 95.963 Thread 0x0000021fff3da310 nmethod 12129 0x0000021f812ec010 code [0x0000021f812ec1c0, 0x0000021f812ec430]
Event: 95.963 Thread 0x0000021fff3da310 12130       2       org.apache.coyote.http11.filters.ChunkedOutputFilter::calculateChunkHeader (42 bytes)
Event: 95.963 Thread 0x0000021fff3da310 nmethod 12130 0x0000021f812ec590 code [0x0000021f812ec720, 0x0000021f812ec958]
Event: 95.984 Thread 0x0000021fff3da310 12133       2       org.apache.catalina.connector.OutputBuffer::flushCharBuffer (20 bytes)
Event: 95.984 Thread 0x0000021fff3da310 nmethod 12133 0x0000021f812ecb10 code [0x0000021f812eccc0, 0x0000021f812ece60]
Event: 95.984 Thread 0x0000021fff3da310 12134       2       java.nio.HeapCharBuffer::slice (49 bytes)
Event: 95.984 Thread 0x0000021fff3da310 nmethod 12134 0x0000021f812ed010 code [0x0000021f812ed1a0, 0x0000021f812ed388]
Event: 95.985 Thread 0x0000021fff3da310 12135       2       org.apache.tomcat.util.buf.C2BConverter::isUndeflow (16 bytes)
Event: 95.985 Thread 0x0000021fff3da310 nmethod 12135 0x0000021f812ed490 code [0x0000021f812ed620, 0x0000021f812ed748]
Event: 96.077 Thread 0x0000021fff3cb890 nmethod 12083 0x0000021f87ee1b10 code [0x0000021f87ee20e0, 0x0000021f87ee73b0]
Event: 96.077 Thread 0x0000021fff3cb890 12094       4       org.thymeleaf.engine.ProcessorTemplateHandler::handleOpenElement (1189 bytes)

GC Heap History (20 events):
Event: 16.631 GC heap before
{Heap before GC invocations=16 (full 0):
 garbage-first heap   total 86016K, used 75717K [0x0000000089c00000, 0x0000000100000000)
  region size 1024K, 38 young (38912K), 3 survivors (3072K)
 Metaspace       used 75784K, committed 76544K, reserved 1179648K
  class space    used 10350K, committed 10688K, reserved 1048576K
}
Event: 16.636 GC heap after
{Heap after GC invocations=17 (full 0):
 garbage-first heap   total 86016K, used 42107K [0x0000000089c00000, 0x0000000100000000)
  region size 1024K, 5 young (5120K), 5 survivors (5120K)
 Metaspace       used 75784K, committed 76544K, reserved 1179648K
  class space    used 10350K, committed 10688K, reserved 1048576K
}
Event: 17.281 GC heap before
{Heap before GC invocations=18 (full 0):
 garbage-first heap   total 86016K, used 74875K [0x0000000089c00000, 0x0000000100000000)
  region size 1024K, 37 young (37888K), 5 survivors (5120K)
 Metaspace       used 78544K, committed 79360K, reserved 1179648K
  class space    used 10739K, committed 11136K, reserved 1048576K
}
Event: 17.287 GC heap after
{Heap after GC invocations=19 (full 0):
 garbage-first heap   total 86016K, used 44662K [0x0000000089c00000, 0x0000000100000000)
  region size 1024K, 5 young (5120K), 5 survivors (5120K)
 Metaspace       used 78544K, committed 79360K, reserved 1179648K
  class space    used 10739K, committed 11136K, reserved 1048576K
}
Event: 17.815 GC heap before
{Heap before GC invocations=19 (full 0):
 garbage-first heap   total 86016K, used 75382K [0x0000000089c00000, 0x0000000100000000)
  region size 1024K, 35 young (35840K), 5 survivors (5120K)
 Metaspace       used 80606K, committed 81408K, reserved 1179648K
  class space    used 11042K, committed 11392K, reserved 1048576K
}
Event: 17.824 GC heap after
{Heap after GC invocations=20 (full 0):
 garbage-first heap   total 86016K, used 46278K [0x0000000089c00000, 0x0000000100000000)
  region size 1024K, 5 young (5120K), 5 survivors (5120K)
 Metaspace       used 80606K, committed 81408K, reserved 1179648K
  class space    used 11042K, committed 11392K, reserved 1048576K
}
Event: 20.340 GC heap before
{Heap before GC invocations=20 (full 0):
 garbage-first heap   total 86016K, used 74950K [0x0000000089c00000, 0x0000000100000000)
  region size 1024K, 33 young (33792K), 5 survivors (5120K)
 Metaspace       used 82612K, committed 83392K, reserved 1179648K
  class space    used 11333K, committed 11712K, reserved 1048576K
}
Event: 20.348 GC heap after
{Heap after GC invocations=21 (full 0):
 garbage-first heap   total 103424K, used 49117K [0x0000000089c00000, 0x0000000100000000)
  region size 1024K, 3 young (3072K), 3 survivors (3072K)
 Metaspace       used 82612K, committed 83392K, reserved 1179648K
  class space    used 11333K, committed 11712K, reserved 1048576K
}
Event: 36.198 GC heap before
{Heap before GC invocations=22 (full 0):
 garbage-first heap   total 103424K, used 92125K [0x0000000089c00000, 0x0000000100000000)
  region size 1024K, 46 young (47104K), 3 survivors (3072K)
 Metaspace       used 92575K, committed 93376K, reserved 1179648K
  class space    used 12636K, committed 12992K, reserved 1048576K
}
Event: 36.206 GC heap after
{Heap after GC invocations=23 (full 0):
 garbage-first heap   total 103424K, used 53248K [0x0000000089c00000, 0x0000000100000000)
  region size 1024K, 6 young (6144K), 6 survivors (6144K)
 Metaspace       used 92575K, committed 93376K, reserved 1179648K
  class space    used 12636K, committed 12992K, reserved 1048576K
}
Event: 37.341 GC heap before
{Heap before GC invocations=23 (full 0):
 garbage-first heap   total 103424K, used 90112K [0x0000000089c00000, 0x0000000100000000)
  region size 1024K, 43 young (44032K), 6 survivors (6144K)
 Metaspace       used 102391K, committed 103296K, reserved 1179648K
  class space    used 13806K, committed 14208K, reserved 1048576K
}
Event: 37.353 GC heap after
{Heap after GC invocations=24 (full 0):
 garbage-first heap   total 105472K, used 58647K [0x0000000089c00000, 0x0000000100000000)
  region size 1024K, 6 young (6144K), 6 survivors (6144K)
 Metaspace       used 102391K, committed 103296K, reserved 1179648K
  class space    used 13806K, committed 14208K, reserved 1048576K
}
Event: 40.344 GC heap before
{Heap before GC invocations=24 (full 0):
 garbage-first heap   total 105472K, used 91415K [0x0000000089c00000, 0x0000000100000000)
  region size 1024K, 39 young (39936K), 6 survivors (6144K)
 Metaspace       used 110880K, committed 111744K, reserved 1179648K
  class space    used 14640K, committed 15040K, reserved 1048576K
}
Event: 40.351 GC heap after
{Heap after GC invocations=25 (full 0):
 garbage-first heap   total 105472K, used 61124K [0x0000000089c00000, 0x0000000100000000)
  region size 1024K, 3 young (3072K), 3 survivors (3072K)
 Metaspace       used 110880K, committed 111744K, reserved 1179648K
  class space    used 14640K, committed 15040K, reserved 1048576K
}
Event: 84.602 GC heap before
{Heap before GC invocations=26 (full 0):
 garbage-first heap   total 106496K, used 93892K [0x0000000089c00000, 0x0000000100000000)
  region size 1024K, 35 young (35840K), 3 survivors (3072K)
 Metaspace       used 114135K, committed 115136K, reserved 1179648K
  class space    used 14964K, committed 15424K, reserved 1048576K
}
Event: 84.607 GC heap after
{Heap after GC invocations=27 (full 0):
 garbage-first heap   total 106496K, used 63992K [0x0000000089c00000, 0x0000000100000000)
  region size 1024K, 5 young (5120K), 5 survivors (5120K)
 Metaspace       used 114135K, committed 115136K, reserved 1179648K
  class space    used 14964K, committed 15424K, reserved 1048576K
}
Event: 91.036 GC heap before
{Heap before GC invocations=27 (full 0):
 garbage-first heap   total 106496K, used 94712K [0x0000000089c00000, 0x0000000100000000)
  region size 1024K, 35 young (35840K), 5 survivors (5120K)
 Metaspace       used 114241K, committed 115200K, reserved 1179648K
  class space    used 14965K, committed 15424K, reserved 1048576K
}
Event: 91.043 GC heap after
{Heap after GC invocations=28 (full 0):
 garbage-first heap   total 106496K, used 63575K [0x0000000089c00000, 0x0000000100000000)
  region size 1024K, 3 young (3072K), 3 survivors (3072K)
 Metaspace       used 114241K, committed 115200K, reserved 1179648K
  class space    used 14965K, committed 15424K, reserved 1048576K
}
Event: 96.007 GC heap before
{Heap before GC invocations=28 (full 0):
 garbage-first heap   total 106496K, used 96343K [0x0000000089c00000, 0x0000000100000000)
  region size 1024K, 35 young (35840K), 3 survivors (3072K)
 Metaspace       used 114315K, committed 115328K, reserved 1179648K
  class space    used 14966K, committed 15424K, reserved 1048576K
}
Event: 96.011 GC heap after
{Heap after GC invocations=29 (full 0):
 garbage-first heap   total 106496K, used 63275K [0x0000000089c00000, 0x0000000100000000)
  region size 1024K, 2 young (2048K), 2 survivors (2048K)
 Metaspace       used 114315K, committed 115328K, reserved 1179648K
  class space    used 14966K, committed 15424K, reserved 1048576K
}

Dll operation events (13 events):
Event: 0.017 Loaded shared library C:\Users\Asus\.jdks\openjdk-20.0.1\bin\java.dll
Event: 0.030 Loaded shared library C:\Users\Asus\.jdks\openjdk-20.0.1\bin\jsvml.dll
Event: 0.233 Loaded shared library C:\Users\Asus\.jdks\openjdk-20.0.1\bin\zip.dll
Event: 0.241 Loaded shared library C:\Users\Asus\.jdks\openjdk-20.0.1\bin\instrument.dll
Event: 0.249 Loaded shared library C:\Users\Asus\.jdks\openjdk-20.0.1\bin\net.dll
Event: 0.257 Loaded shared library C:\Users\Asus\.jdks\openjdk-20.0.1\bin\nio.dll
Event: 0.264 Loaded shared library C:\Users\Asus\.jdks\openjdk-20.0.1\bin\zip.dll
Event: 0.550 Loaded shared library C:\Users\Asus\.jdks\openjdk-20.0.1\bin\extnet.dll
Event: 0.581 Loaded shared library C:\Users\Asus\.jdks\openjdk-20.0.1\bin\verify.dll
Event: 0.591 Loaded shared library C:\Users\Asus\.jdks\openjdk-20.0.1\bin\jimage.dll
Event: 3.963 Loaded shared library C:\Users\Asus\.jdks\openjdk-20.0.1\bin\sunmscapi.dll
Event: 8.100 Loaded shared library C:\Users\Asus\.jdks\openjdk-20.0.1\bin\management.dll
Event: 8.103 Loaded shared library C:\Users\Asus\.jdks\openjdk-20.0.1\bin\management_ext.dll

Deoptimization events (20 events):
Event: 91.211 Thread 0x0000021f93d48590 DEOPT PACKING pc=0x0000021f811fd587 sp=0x000000abbd8faf30
Event: 91.211 Thread 0x0000021f93d48590 DEOPT UNPACKING pc=0x0000021f8759a4c2 sp=0x000000abbd8fa3f0 mode 0
Event: 91.215 Thread 0x0000021f93d48590 DEOPT PACKING pc=0x0000021f811fd587 sp=0x000000abbd8faf30
Event: 91.215 Thread 0x0000021f93d48590 DEOPT UNPACKING pc=0x0000021f8759a4c2 sp=0x000000abbd8fa3f0 mode 0
Event: 91.218 Thread 0x0000021f93d48590 DEOPT PACKING pc=0x0000021f811fd587 sp=0x000000abbd8faf30
Event: 91.218 Thread 0x0000021f93d48590 DEOPT UNPACKING pc=0x0000021f8759a4c2 sp=0x000000abbd8fa3f0 mode 0
Event: 91.223 Thread 0x0000021f93d48590 DEOPT PACKING pc=0x0000021f811fd587 sp=0x000000abbd8faf30
Event: 91.223 Thread 0x0000021f93d48590 DEOPT UNPACKING pc=0x0000021f8759a4c2 sp=0x000000abbd8fa3f0 mode 0
Event: 91.227 Thread 0x0000021f93d48590 DEOPT PACKING pc=0x0000021f811fd587 sp=0x000000abbd8faf30
Event: 91.227 Thread 0x0000021f93d48590 DEOPT UNPACKING pc=0x0000021f8759a4c2 sp=0x000000abbd8fa3f0 mode 0
Event: 91.230 Thread 0x0000021f93d48590 DEOPT PACKING pc=0x0000021f811fd587 sp=0x000000abbd8faf30
Event: 91.230 Thread 0x0000021f93d48590 DEOPT UNPACKING pc=0x0000021f8759a4c2 sp=0x000000abbd8fa3f0 mode 0
Event: 91.234 Thread 0x0000021f93d48590 DEOPT PACKING pc=0x0000021f811fd587 sp=0x000000abbd8faf30
Event: 91.234 Thread 0x0000021f93d48590 DEOPT UNPACKING pc=0x0000021f8759a4c2 sp=0x000000abbd8fa3f0 mode 0
Event: 92.373 Thread 0x0000021f93d44080 Uncommon trap: trap_request=0xffffff6e fr.pc=0x0000021f88032aa8 relative=0x00000000000003e8
Event: 92.373 Thread 0x0000021f93d44080 Uncommon trap: reason=loop_limit_check action=maybe_recompile pc=0x0000021f88032aa8 method=org.attoparser.util.TextUtil.equals(Z[CII[CII)Z @ 68 c2
Event: 92.373 Thread 0x0000021f93d44080 DEOPT PACKING pc=0x0000021f88032aa8 sp=0x000000abbd2fb060
Event: 92.373 Thread 0x0000021f93d44080 DEOPT UNPACKING pc=0x0000021f87599d22 sp=0x000000abbd2fb000 mode 2
Event: 95.942 Thread 0x0000021f93d49ad0 DEOPT PACKING pc=0x0000021f81268fd3 sp=0x000000abbd6fb520
Event: 95.942 Thread 0x0000021f93d49ad0 DEOPT UNPACKING pc=0x0000021f8759a4c2 sp=0x000000abbd6fa960 mode 0

Classes loaded (20 events):
Event: 81.269 Loading class sun/net/www/protocol/http/HttpURLConnection$7
Event: 81.270 Loading class sun/net/www/protocol/http/HttpURLConnection$7 done
Event: 81.270 Loading class sun/net/www/http/HttpClient
Event: 81.271 Loading class sun/net/NetworkClient
Event: 81.271 Loading class sun/net/NetworkClient done
Event: 81.271 Loading class sun/net/www/http/HttpClient done
Event: 81.271 Loading class sun/net/NetworkClient$1
Event: 81.272 Loading class sun/net/NetworkClient$1 done
Event: 81.272 Loading class sun/net/www/http/KeepAliveCache
Event: 81.272 Loading class sun/net/www/http/KeepAliveCache done
Event: 81.273 Loading class sun/net/www/http/KeepAliveKey
Event: 81.273 Loading class sun/net/www/http/KeepAliveKey done
Event: 81.273 Loading class sun/net/www/http/HttpCapture
Event: 81.274 Loading class sun/net/www/http/HttpCapture done
Event: 81.274 Loading class sun/net/www/http/HttpCapture$1
Event: 81.274 Loading class sun/net/www/http/HttpCapture$1 done
Event: 83.151 Loading class jdk/internal/reflect/MethodHandleDoubleFieldAccessorImpl
Event: 83.151 Loading class jdk/internal/reflect/MethodHandleDoubleFieldAccessorImpl done
Event: 83.555 Loading class sun/net/www/protocol/http/HttpURLConnection$10
Event: 83.556 Loading class sun/net/www/protocol/http/HttpURLConnection$10 done

Classes unloaded (0 events):
No events

Classes redefined (0 events):
No events

Internal exceptions (20 events):
Event: 39.515 Thread 0x0000021f95618310 Exception <a 'java/lang/IncompatibleClassChangeError'{0x000000008e0aa960}: Found class java.lang.Object, but interface was expected> (0x000000008e0aa960) 
thrown [s\open\src\hotspot\share\interpreter\linkResolver.cpp, line 840]
Event: 40.692 Thread 0x0000021f93d4bab0 Exception <a 'java/lang/NoSuchMethodError'{0x000000009020fac8}: 'java.lang.Object java.lang.invoke.DirectMethodHandle$Holder.invokeInterface(java.lang.Object, java.lang.Object, java.lang.Object, java.lang.Object)'> (0x000000009020fac8) 
thrown [s\open\src\hotspot\share\interpreter\linkResolver.cpp, line 773]
Event: 40.695 Thread 0x0000021f93d4bab0 Exception <a 'java/lang/NoSuchMethodError'{0x0000000090226c10}: 'java.lang.Object java.lang.invoke.DirectMethodHandle$Holder.invokeInterface(java.lang.Object, java.lang.Object, java.lang.Object, java.lang.Object, java.lang.Object)'> (0x0000000090226c10) 
thrown [s\open\src\hotspot\share\interpreter\linkResolver.cpp, line 773]
Event: 51.445 Thread 0x0000021f95618860 Implicit null exception at 0x0000021f87fb12af to 0x0000021f87fb1488
Event: 51.450 Thread 0x0000021f95618860 Exception <a 'java/lang/NoSuchMethodError'{0x000000009008c040}: 'long java.lang.invoke.DirectMethodHandle$Holder.invokeStatic(java.lang.Object, java.lang.Object, int)'> (0x000000009008c040) 
thrown [s\open\src\hotspot\share\interpreter\linkResolver.cpp, line 773]
Event: 51.451 Thread 0x0000021f95618860 Exception <a 'java/lang/NoSuchMethodError'{0x0000000090096790}: 'java.lang.Object java.lang.invoke.DelegatingMethodHandle$Holder.reinvoke_L(java.lang.Object, int, int, long, java.lang.Object, long, long, long)'> (0x0000000090096790) 
thrown [s\open\src\hotspot\share\interpreter\linkResolver.cpp, line 773]
Event: 51.454 Thread 0x0000021f95618860 Exception <a 'java/lang/NoSuchMethodError'{0x00000000900ba498}: 'java.lang.Object java.lang.invoke.DelegatingMethodHandle$Holder.reinvoke_L(java.lang.Object, java.lang.Object, java.lang.Object, java.lang.Object, java.lang.Object, java.lang.Object, java.lang.Object, java.lang.Object, java.lang.Object, java.lang.Object, java.lang.Object, java.lang.Object, java.lang.Object, java.lang.Object, int, java.lang.Object, java.lang.Object, java.lang.Object, java.lang.Object, java.lang.Object, java.lang.Object, java.l
Event: 51.467 Thread 0x0000021f95618860 Exception <a 'java/lang/NoSuchMethodError'{0x000000008ff10778}: 'java.lang.Object java.lang.invoke.DirectMethodHandle$Holder.invokeStatic(java.lang.Object, java.lang.Object, java.lang.Object, java.lang.Object, java.lang.Object, java.lang.Object, java.lang.Object, java.lang.Object, java.lang.Object, java.lang.Object, java.lang.Object, java.lang.Object, java.lang.Object)'> (0x000000008ff10778) 
thrown [s\open\src\hotspot\share\interpreter\linkResolver.cpp, line 773]
Event: 51.473 Thread 0x0000021f95618860 Exception <a 'java/lang/NoSuchMethodError'{0x000000008ff311c8}: 'java.lang.Object java.lang.invoke.DirectMethodHandle$Holder.invokeStatic(java.lang.Object, java.lang.Object, java.lang.Object, java.lang.Object, java.lang.Object, java.lang.Object, java.lang.Object, java.lang.Object, java.lang.Object, java.lang.Object, java.lang.Object, java.lang.Object, java.lang.Object, java.lang.Object)'> (0x000000008ff311c8) 
thrown [s\open\src\hotspot\share\interpreter\linkResolver.cpp, line 773]
Event: 51.476 Thread 0x0000021f95618860 Exception <a 'java/lang/NoSuchMethodError'{0x000000008ff46b80}: 'java.lang.Object java.lang.invoke.DelegatingMethodHandle$Holder.reinvoke_L(java.lang.Object, java.lang.Object, java.lang.Object, java.lang.Object, java.lang.Object, java.lang.Object, java.lang.Object, java.lang.Object, java.lang.Object, java.lang.Object, java.lang.Object, java.lang.Object, java.lang.Object, java.lang.Object, java.lang.Object, java.lang.Object, java.lang.Object, java.lang.Object, java.lang.Object, java.lang.Object, java.lang.O
Event: 81.245 Thread 0x0000021f9561b830 Exception <a 'java/lang/NoSuchMethodError'{0x000000008fa4bbb8}: 'java.lang.Object java.lang.invoke.DirectMethodHandle$Holder.invokeInterface(java.lang.Object, java.lang.Object, java.lang.Object, int)'> (0x000000008fa4bbb8) 
thrown [s\open\src\hotspot\share\interpreter\linkResolver.cpp, line 773]
Event: 83.152 Thread 0x0000021f93d44b20 Exception <a 'java/lang/NoSuchMethodError'{0x000000008f9dbfa0}: 'void java.lang.invoke.DelegatingMethodHandle$Holder.reinvoke_L(java.lang.Object, java.lang.Object, double)'> (0x000000008f9dbfa0) 
thrown [s\open\src\hotspot\share\interpreter\linkResolver.cpp, line 773]
Event: 83.555 Thread 0x0000021f9561b830 Exception <a 'java/net/UnknownHostException'{0x000000008fae8568}> (0x000000008fae8568) 
thrown [s\open\src\hotspot\share\prims\jni.cpp, line 519]
Event: 83.651 Thread 0x0000021f93d46b00 Implicit null exception at 0x0000021f8800635d to 0x0000021f8800705c
Event: 83.733 Thread 0x0000021f93d46b00 Exception <a 'java/lang/NoSuchMethodError'{0x000000008f4be4f8}: 'int java.lang.invoke.DirectMethodHandle$Holder.invokeStatic(java.lang.Object, java.lang.Object, int, int)'> (0x000000008f4be4f8) 
thrown [s\open\src\hotspot\share\interpreter\linkResolver.cpp, line 773]
Event: 84.215 Thread 0x0000021f93d44b20 Exception <a 'java/lang/IncompatibleClassChangeError'{0x000000008efa8390}: Found class java.lang.Object, but interface was expected> (0x000000008efa8390) 
thrown [s\open\src\hotspot\share\interpreter\linkResolver.cpp, line 840]
Event: 84.464 Thread 0x0000021f93d44b20 Exception <a 'java/io/IOException'{0x000000008ee423b0}> (0x000000008ee423b0) 
thrown [s\open\src\hotspot\share\prims\jni.cpp, line 519]
Event: 84.625 Thread 0x0000021f93d44b20 Implicit null exception at 0x0000021f88044f86 to 0x0000021f88045918
Event: 84.627 Thread 0x0000021f93d44b20 Exception <a 'java/io/IOException'{0x00000000901dafb0}> (0x00000000901dafb0) 
thrown [s\open\src\hotspot\share\prims\jni.cpp, line 519]
Event: 95.886 Thread 0x0000021f9561b830 Exception <a 'java/net/UnknownHostException'{0x000000008f4ae840}> (0x000000008f4ae840) 
thrown [s\open\src\hotspot\share\prims\jni.cpp, line 519]

VM Operations (20 events):
Event: 85.622 Executing VM operation: Cleanup
Event: 85.623 Executing VM operation: Cleanup done
Event: 88.641 Executing VM operation: Cleanup
Event: 88.641 Executing VM operation: Cleanup done
Event: 89.644 Executing VM operation: Cleanup
Event: 89.644 Executing VM operation: Cleanup done
Event: 91.035 Executing VM operation: G1CollectForAllocation
Event: 91.043 Executing VM operation: G1CollectForAllocation done
Event: 92.046 Executing VM operation: Cleanup
Event: 92.046 Executing VM operation: Cleanup done
Event: 93.047 Executing VM operation: Cleanup
Event: 93.048 Executing VM operation: Cleanup done
Event: 94.062 Executing VM operation: Cleanup
Event: 94.062 Executing VM operation: Cleanup done
Event: 96.007 Executing VM operation: G1CollectForAllocation
Event: 96.011 Executing VM operation: G1CollectForAllocation done
Event: 96.057 Executing VM operation: G1PauseRemark
Event: 96.066 Executing VM operation: G1PauseRemark done
Event: 96.094 Executing VM operation: G1PauseCleanup
Event: 96.094 Executing VM operation: G1PauseCleanup done

Events (20 events):
Event: 96.065 Thread 0x0000021fff39cb30 flushing nmethod 0x0000021f87da4510
Event: 96.065 Thread 0x0000021fff39cb30 flushing nmethod 0x0000021f87d84b90
Event: 96.065 Thread 0x0000021fff39cb30 flushing nmethod 0x0000021f87d95e10
Event: 96.065 Thread 0x0000021fff39cb30 flushing nmethod 0x0000021f87cd5f10
Event: 96.065 Thread 0x0000021fff39cb30 flushing nmethod 0x0000021f87cc9010
Event: 96.065 Thread 0x0000021fff39cb30 flushing nmethod 0x0000021f87bd7690
Event: 96.065 Thread 0x0000021fff39cb30 flushing nmethod 0x0000021f87c30510
Event: 96.065 Thread 0x0000021fff39cb30 flushing nmethod 0x0000021f87cd4010
Event: 96.065 Thread 0x0000021fff39cb30 flushing nmethod 0x0000021f87c61510
Event: 96.065 Thread 0x0000021fff39cb30 flushing nmethod 0x0000021f87c6d410
Event: 96.065 Thread 0x0000021fff39cb30 flushing nmethod 0x0000021f87c25f90
Event: 96.065 Thread 0x0000021fff39cb30 flushing nmethod 0x0000021f87bfa510
Event: 96.065 Thread 0x0000021fff39cb30 flushing nmethod 0x0000021f87b6e010
Event: 96.065 Thread 0x0000021fff39cb30 flushing nmethod 0x0000021f87b76490
Event: 96.065 Thread 0x0000021fff39cb30 flushing nmethod 0x0000021f87bd6090
Event: 96.065 Thread 0x0000021fff39cb30 flushing nmethod 0x0000021f87bd3290
Event: 96.065 Thread 0x0000021fff39cb30 flushing nmethod 0x0000021f87bd0d90
Event: 96.065 Thread 0x0000021fff39cb30 flushing nmethod 0x0000021f87b9c690
Event: 96.065 Thread 0x0000021fff39cb30 flushing nmethod 0x0000021f87b06290
Event: 96.065 Thread 0x0000021fff39cb30 flushing nmethod 0x0000021f87b10590


Dynamic libraries:
0x00007ff7d6220000 - 0x00007ff7d622e000 	C:\Users\Asus\.jdks\openjdk-20.0.1\bin\java.exe
0x00007ff976af0000 - 0x00007ff976ce8000 	C:\Windows\SYSTEM32\ntdll.dll
0x00007ff9769e0000 - 0x00007ff976aa2000 	C:\Windows\System32\KERNEL32.DLL
0x00007ff974810000 - 0x00007ff974b0f000 	C:\Windows\System32\KERNELBASE.dll
0x00007ff974540000 - 0x00007ff974640000 	C:\Windows\System32\ucrtbase.dll
0x00007ff953430000 - 0x00007ff95344b000 	C:\Users\Asus\.jdks\openjdk-20.0.1\bin\VCRUNTIME140.dll
0x00007ff954410000 - 0x00007ff954427000 	C:\Users\Asus\.jdks\openjdk-20.0.1\bin\jli.dll
0x00007ff976840000 - 0x00007ff9769dd000 	C:\Windows\System32\USER32.dll
0x00007ff9743e0000 - 0x00007ff974402000 	C:\Windows\System32\win32u.dll
0x00007ff975920000 - 0x00007ff97594b000 	C:\Windows\System32\GDI32.dll
0x00007ff962a20000 - 0x00007ff962cba000 	C:\Windows\WinSxS\amd64_microsoft.windows.common-controls_6595b64144ccf1df_6.0.19041.4355_none_60b8b9eb71f62e16\COMCTL32.dll
0x00007ff9746f0000 - 0x00007ff97480a000 	C:\Windows\System32\gdi32full.dll
0x00007ff9761f0000 - 0x00007ff97628e000 	C:\Windows\System32\msvcrt.dll
0x00007ff974190000 - 0x00007ff97422d000 	C:\Windows\System32\msvcp_win.dll
0x00007ff9766d0000 - 0x00007ff9766ff000 	C:\Windows\System32\IMM32.DLL
0x00007ff962470000 - 0x00007ff96247c000 	C:\Users\Asus\.jdks\openjdk-20.0.1\bin\vcruntime140_1.dll
0x00007ff948330000 - 0x00007ff9483be000 	C:\Users\Asus\.jdks\openjdk-20.0.1\bin\msvcp140.dll
0x00007ff90fe90000 - 0x00007ff910b27000 	C:\Users\Asus\.jdks\openjdk-20.0.1\bin\server\jvm.dll
0x00007ff976700000 - 0x00007ff9767af000 	C:\Windows\System32\ADVAPI32.dll
0x00007ff976310000 - 0x00007ff9763af000 	C:\Windows\System32\sechost.dll
0x00007ff975000000 - 0x00007ff975123000 	C:\Windows\System32\RPCRT4.dll
0x00007ff974480000 - 0x00007ff9744a7000 	C:\Windows\System32\bcrypt.dll
0x00007ff95bbb0000 - 0x00007ff95bbb9000 	C:\Windows\SYSTEM32\WSOCK32.dll
0x00007ff972870000 - 0x00007ff97287a000 	C:\Windows\SYSTEM32\VERSION.dll
0x00007ff968c20000 - 0x00007ff968c47000 	C:\Windows\SYSTEM32\WINMM.dll
0x00007ff975350000 - 0x00007ff9753bb000 	C:\Windows\System32\WS2_32.dll
0x00007ff972970000 - 0x00007ff972982000 	C:\Windows\SYSTEM32\kernel.appcore.dll
0x00007ff956b20000 - 0x00007ff956b2a000 	C:\Users\Asus\.jdks\openjdk-20.0.1\bin\jimage.dll
0x00007ff96c480000 - 0x00007ff96c664000 	C:\Windows\SYSTEM32\DBGHELP.DLL
0x00007ff95c300000 - 0x00007ff95c334000 	C:\Windows\SYSTEM32\dbgcore.DLL
0x00007ff9744b0000 - 0x00007ff974532000 	C:\Windows\System32\bcryptPrimitives.dll
0x00007ff955aa0000 - 0x00007ff955aae000 	C:\Users\Asus\.jdks\openjdk-20.0.1\bin\instrument.dll
0x00007ff9531f0000 - 0x00007ff953216000 	C:\Users\Asus\.jdks\openjdk-20.0.1\bin\java.dll
0x00007ff9174f0000 - 0x00007ff9175c7000 	C:\Users\Asus\.jdks\openjdk-20.0.1\bin\jsvml.dll
0x00007ff975960000 - 0x00007ff9760cd000 	C:\Windows\System32\SHELL32.dll
0x00007ff972010000 - 0x00007ff9727b4000 	C:\Windows\SYSTEM32\windows.storage.dll
0x00007ff974b10000 - 0x00007ff974e65000 	C:\Windows\System32\combase.dll
0x00007ff973bc0000 - 0x00007ff973bef000 	C:\Windows\SYSTEM32\Wldp.dll
0x00007ff975280000 - 0x00007ff97534d000 	C:\Windows\System32\OLEAUT32.dll
0x00007ff976410000 - 0x00007ff9764bd000 	C:\Windows\System32\SHCORE.dll
0x00007ff9753e0000 - 0x00007ff975435000 	C:\Windows\System32\shlwapi.dll
0x00007ff9740c0000 - 0x00007ff9740e4000 	C:\Windows\SYSTEM32\profapi.dll
0x00007ff94d370000 - 0x00007ff94d388000 	C:\Users\Asus\.jdks\openjdk-20.0.1\bin\zip.dll
0x00007ff953140000 - 0x00007ff953153000 	C:\Users\Asus\.jdks\openjdk-20.0.1\bin\net.dll
0x00007ff96d900000 - 0x00007ff96da0a000 	C:\Windows\SYSTEM32\WINHTTP.dll
0x00007ff973920000 - 0x00007ff97398c000 	C:\Windows\system32\mswsock.dll
0x00007ff953120000 - 0x00007ff953136000 	C:\Users\Asus\.jdks\openjdk-20.0.1\bin\nio.dll
0x00007ff9547d0000 - 0x00007ff9547d7000 	C:\Users\Asus\.jdks\openjdk-20.0.1\bin\extnet.dll
0x00007ff954450000 - 0x00007ff954460000 	C:\Users\Asus\.jdks\openjdk-20.0.1\bin\verify.dll
0x00007ff973590000 - 0x00007ff9735cb000 	C:\Windows\SYSTEM32\IPHLPAPI.DLL
0x00007ff9753c0000 - 0x00007ff9753c8000 	C:\Windows\System32\NSI.dll
0x00007ff9700b0000 - 0x00007ff9700c7000 	C:\Windows\SYSTEM32\dhcpcsvc6.DLL
0x00007ff970080000 - 0x00007ff97009d000 	C:\Windows\SYSTEM32\dhcpcsvc.DLL
0x00007ff9735d0000 - 0x00007ff97369a000 	C:\Windows\SYSTEM32\DNSAPI.dll
0x00000000533d0000 - 0x00000000533f6000 	C:\Program Files\Bonjour\mdnsNSP.dll
0x00000000533c0000 - 0x00000000533cb000 	C:\Program Files\National Instruments\Shared\mDNS Responder\nimdnsNSP.dll
0x00000000533a0000 - 0x00000000533b1000 	C:\Windows\SYSTEM32\nimdnsResponder.dll
0x00007ff9533b0000 - 0x00007ff9533be000 	C:\Users\Asus\.jdks\openjdk-20.0.1\bin\sunmscapi.dll
0x00007ff974230000 - 0x00007ff97438c000 	C:\Windows\System32\CRYPT32.dll
0x00007ff973c30000 - 0x00007ff973c57000 	C:\Windows\SYSTEM32\ncrypt.dll
0x00007ff973bf0000 - 0x00007ff973c2b000 	C:\Windows\SYSTEM32\NTASN1.dll
0x00007ff96bb70000 - 0x00007ff96bb7a000 	C:\Windows\System32\rasadhlp.dll
0x00007ff96a770000 - 0x00007ff96a7f0000 	C:\Windows\System32\fwpuclnt.dll
0x00007ff973b20000 - 0x00007ff973b38000 	C:\Windows\SYSTEM32\CRYPTSP.dll
0x00007ff973190000 - 0x00007ff9731c4000 	C:\Windows\system32\rsaenh.dll
0x00007ff974080000 - 0x00007ff9740ae000 	C:\Windows\SYSTEM32\USERENV.dll
0x00007ff973b10000 - 0x00007ff973b1c000 	C:\Windows\SYSTEM32\CRYPTBASE.dll
0x00007ff953410000 - 0x00007ff95341a000 	C:\Users\Asus\.jdks\openjdk-20.0.1\bin\management.dll
0x00007ff9533e0000 - 0x00007ff9533eb000 	C:\Users\Asus\.jdks\openjdk-20.0.1\bin\management_ext.dll
0x00007ff9753d0000 - 0x00007ff9753d8000 	C:\Windows\System32\PSAPI.DLL
0x00007ff958b50000 - 0x00007ff958b57000 	C:\Windows\system32\wshunix.dll

dbghelp: loaded successfully - version: 4.0.5 - missing functions: none
symbol engine: initialized successfully - sym options: 0x614 - pdb path: .;C:\Users\Asus\.jdks\openjdk-20.0.1\bin;C:\Windows\SYSTEM32;C:\Windows\WinSxS\amd64_microsoft.windows.common-controls_6595b64144ccf1df_6.0.19041.4355_none_60b8b9eb71f62e16;C:\Users\Asus\.jdks\openjdk-20.0.1\bin\server;C:\Program Files\Bonjour;C:\Program Files\National Instruments\Shared\mDNS Responder

VM Arguments:
jvm_args: -javaagent:C:\шн€га\IntelliJ IDEA Community Edition 2023.1.3\lib\idea_rt.jar=51676:C:\шн€га\IntelliJ IDEA Community Edition 2023.1.3\bin -Dfile.encoding=UTF-8 -Dsun.stdout.encoding=UTF-8 -Dsun.stderr.encoding=UTF-8 
java_command: com.example.rental.RentalApplication
java_class_path (initial): C:\Users\Asus\Desktop\rental\target\classes;C:\Users\Asus\.m2\repository\org\springframework\boot\spring-boot-starter-data-jpa\3.3.0\spring-boot-starter-data-jpa-3.3.0.jar;C:\Users\Asus\.m2\repository\org\springframework\boot\spring-boot-starter-aop\3.3.0\spring-boot-starter-aop-3.3.0.jar;C:\Users\Asus\.m2\repository\org\aspectj\aspectjweaver\1.9.22\aspectjweaver-1.9.22.jar;C:\Users\Asus\.m2\repository\org\springframework\boot\spring-boot-starter-jdbc\3.3.0\spring-boot-starter-jdbc-3.3.0.jar;C:\Users\Asus\.m2\repository\com\zaxxer\HikariCP\5.1.0\HikariCP-5.1.0.jar;C:\Users\Asus\.m2\repository\org\springframework\spring-jdbc\6.1.8\spring-jdbc-6.1.8.jar;C:\Users\Asus\.m2\repository\org\hibernate\orm\hibernate-core\6.5.2.Final\hibernate-core-6.5.2.Final.jar;C:\Users\Asus\.m2\repository\jakarta\persistence\jakarta.persistence-api\3.1.0\jakarta.persistence-api-3.1.0.jar;C:\Users\Asus\.m2\repository\jakarta\transaction\jakarta.transaction-api\2.0.1\jakarta.transaction-api-2.0.1.jar;C:\Users\Asus\.m2\repository\org\jboss\logging\jboss-logging\3.5.3.Final\jboss-logging-3.5.3.Final.jar;C:\Users\Asus\.m2\repository\org\hibernate\common\hibernate-commons-annotations\6.0.6.Final\hibernate-commons-annotations-6.0.6.Final.jar;C:\Users\Asus\.m2\repository\io\smallrye\jandex\3.1.2\jandex-3.1.2.jar;C:\Users\Asus\.m2\repository\com\fasterxml\classmate\1.7.0\classmate-1.7.0.jar;C:\Users\Asus\.m2\repository\net\bytebuddy\byte-buddy\1.14.16\byte-buddy-1.14.16.jar;C:\Users\Asus\.m2\repository\jakarta\inject\jakarta.inject-api\2.0.1\jakarta.inject-api-2.0.1.jar;C:\Users\Asus\.m2\repository\org\antlr\antlr4-runtime\4.13.0\antlr4-runtime-4.13.0.jar;C:\Users\Asus\.m2\repository\org\springframework\data\spring-data-jpa\3.3.0\spring-data-jpa-3.3.0.jar;C:\Users\Asus\.m2\repository\org\springframework\data\spring-data-commons\3.3.0\spring-data-commons-3.3.0.jar;C:\Users\Asus\.m2\repository\org\springframework\spring-orm\6.1.8\spring-orm-6.1.8.jar;C:\Users\Asus\.m2\repository\org\springframework\spring-beans\6.1.8\spring-beans-6.1.8.jar;C:\Users\Asus\.m2\repository\jakarta\annotation\jakarta.annotation-api\2.1.1\jakarta.annotation-api-2.1.1.jar;C:\Users\Asus\.m2\repository\org\slf4j\slf4j-api\2.0.13\slf4j-api-2.0.13.jar;C:\Users\Asus\.m2\repository\org\springframework\spring-aspects\6.1.8\spring-aspects-6.1.8.jar;C:\Users\Asus\.m2\repository\org\springframework\boot\spring-boot-starter-data-redis\3.3.0\spring-boot-starter-data-redis-3.3.0.jar;C:\Users\Asus\.m2\repository\org\springframework\boot\spring-boot-starter\3.3.0\spring-boot-starter-3.3.0.jar;C:\Users\Asus\.m2\repository\org\springframework\boot\spring-boot\3.3.0\spring-boot-3.3.0.jar;C:\Users\Asus\.m2\repository\org\springframework\boot\spring-boot-autoconfigure\3.3.0\spring-boot-autoconfigure-3.3.0.jar;C:\Users\Asus\.m2\repository\org\springframework\boot\spring-boot-starter-logging\3.3.0\spring-boot-starter-logging-3.3.0.jar;C:\Users\Asus\.m2\repository\ch\qos\logback\logback-classic\1.5.6\logback-classic-1.5.6.jar;C:\Users\Asus\.m2\repository\ch\qos\logback\logback-core\1.5.6\logback-core-1.5.6.jar;C:\Users\Asus\.m2\repository\org\apache\logging\log4j\log4j-to-slf4j\2.23.1\log4j-to-slf4j-2.23.1.jar;C:\Users\Asus\.m2\repository\org\apache\logging\log4j\log4j-api\2.23.1\log4j-api-2.23.1.jar;C:\Users\Asus\.m2\repository\org\slf4j\jul-to-slf4j\2.0.13\jul-to-slf4j-2.0.13.jar;C:\Users\Asus\.m2\repository\org\yaml\snakeyaml\2.2\snakeyaml-2.2.jar;C:\Users\Asus\.m2\repository\io\lettuce\lettuce-core\6.3.2.RELEASE\lettuce-core-6.3.2.RELEASE.jar;C:\Users\Asus\.m2\repository\io\netty\netty-common\4.1.110.Final\netty-common-4.1.110.Final.jar;C:\Users\Asus\.m2\repository\io\netty\netty-handler\4.1.110.Final\netty-handler-4.1.110.Final.jar;C:\Users\Asus\.m2\repository\io\netty\netty-resolver\4.1.110.Final\netty-resolver-4.1.110.Final.jar;C:\Users\Asus\.m2\repository\io\netty\netty-buffer\4.1.110.Final\netty-buffer-4.1.110.Final.jar;C:\Users\Asus\.m2\repository\io\netty\netty-transport-native-unix-common\4.1.110.Final\netty-transport-native-unix-common-4.1.110.Final.jar;C:\Users\Asus\.m2\repository\io\netty\netty-codec\4.1.110.Final\netty-codec-4.1.110.Final.jar;C:\Users\Asus\.m2\repository\io\netty\netty-transport\4.1.110.Final\netty-transport-4.1.110.Final.jar;C:\Users\Asus\.m2\repository\io\projectreactor\reactor-core\3.6.6\reactor-core-3.6.6.jar;C:\Users\Asus\.m2\repository\org\reactivestreams\reactive-streams\1.0.4\reactive-streams-1.0.4.jar;C:\Users\Asus\.m2\repository\org\springframework\data\spring-data-redis\3.3.0\spring-data-redis-3.3.0.jar;C:\Users\Asus\.m2\repository\org\springframework\data\spring-data-keyvalue\3.3.0\spring-data-keyvalue-3.3.0.jar;C:\Users\Asus\.m2\repository\org\springframework\spring-oxm\6.1.8\spring-oxm-6.1.8.jar;C:\Users\Asus\.m2\repository\org\springframework\boot\spring-boot-starter-cache\3.3.0\spring-boot-starter-cache-3.3.0.jar;C:\Users\Asus\.m2\repository\org\springframework\spring-context-support\6.1.8\spring-context-support-6.1.8.jar;C:\Users\Asus\.m2\repository\org\springframework\cloud\spring-cloud-starter-netflix-eureka-client\4.1.4\spring-cloud-starter-netflix-eureka-client-4.1.4.jar;C:\Users\Asus\.m2\repository\org\springframework\cloud\spring-cloud-starter\4.1.5\spring-cloud-starter-4.1.5.jar;C:\Users\Asus\.m2\repository\org\springframework\cloud\spring-cloud-context\4.1.5\spring-cloud-context-4.1.5.jar;C:\Users\Asus\.m2\repository\org\springframework\security\spring-security-rsa\1.1.3\spring-security-rsa-1.1.3.jar;C:\Users\Asus\.m2\repository\org\bouncycastle\bcprov-jdk18on\1.78\bcprov-jdk18on-1.78.jar;C:\Users\Asus\.m2\repository\org\springframework\cloud\spring-cloud-netflix-eureka-client\4.1.4\spring-cloud-netflix-eureka-client-4.1.4.jar;C:\Users\Asus\.m2\repository\org\apache\httpcomponents\client5\httpclient5\5.3.1\httpclient5-5.3.1.jar;C:\Users\Asus\.m2\repository\org\apache\httpcomponents\core5\httpcore5\5.2.4\httpcore5-5.2.4.jar;C:\Users\Asus\.m2\repository\org\apache\httpcomponents\core5\httpcore5-h2\5.2.4\httpcore5-h2-5.2.4.jar;C:\Users\Asus\.m2\repository\com\netflix\eureka\eureka-client\2.0.4\eureka-client-2.0.4.jar;C:\Users\Asus\.m2\repository\com\thoughtworks\xstream\xstream\1.4.20\xstream-1.4.20.jar;C:\Users\Asus\.m2\repository\io\github\x-stream\mxparser\1.2.2\mxparser-1.2.2.jar;C:\Users\Asus\.m2\repository\xmlpull\xmlpull\1.1.3.1\xmlpull-1.1.3.1.jar;C:\Users\Asus\.m2\repository\com\netflix\archaius\archaius-core\0.7.6\archaius-core-0.7.6.jar;C:\Users\Asus\.m2\repository\jakarta\ws\rs\jakarta.ws.rs-api\3.1.0\jakarta.ws.rs-api-3.1.0.jar;C:\Users\Asus\.m2\repository\com\netflix\spectator\spectator-api\1.7.3\spectator-api-1.7.3.jar;C:\Users\Asus\.m2\repository\org\apache\httpcomponents\httpclient\4.5.3\httpclient-4.5.3.jar;C:\Users\Asus\.m2\repository\org\apache\httpcomponents\httpcore\4.4.16\httpcore-4.4.16.jar;C:\Users\Asus\.m2\repository\commons-logging\commons-logging\1.2\commons-logging-1.2.jar;C:\Users\Asus\.m2\repository\commons-codec\commons-codec\1.16.1\commons-codec-1.16.1.jar;C:\Users\Asus\.m2\repository\com\google\code\findbugs\jsr305\3.0.2\jsr305-3.0.2.jar;C:\Users\Asus\.m2\repository\commons-configuration\commons-configuration\1.10\commons-configuration-1.10.jar;C:\Users\Asus\.m2\repository\commons-lang\commons-lang\2.6\commons-lang-2.6.jar;C:\Users\Asus\.m2\repository\com\github\vlsi\compactmap\compactmap\2.0\compactmap-2.0.jar;C:\Users\Asus\.m2\repository\com\github\andrewoma\dexx\dexx-collections\0.2\dexx-collections-0.2.jar;C:\Users\Asus\.m2\repository\com\netflix\netflix-commons\netflix-eventbus\0.3.0\netflix-eventbus-0.3.0.jar;C:\Users\Asus\.m2\repository\com\netflix\netflix-commons\netflix-infix\0.3.0\netflix-infix-0.3.0.jar;C:\Users\Asus\.m2\repository\commons-jxpath\commons-jxpath\1.3\commons-jxpath-1.3.jar;C:\Users\Asus\.m2\repository\joda-time\joda-time\2.3\joda-time-2.3.jar;C:\Users\Asus\.m2\repository\javax\servlet\servlet-api\2.5\servlet-api-2.5.jar;C:\Users\Asus\.m2\repository\org\antlr\antlr-runtime\3.4\antlr-runtime-3.4.jar;C:\Users\Asus\.m2\repository\org\antlr\stringtemplate\3.2.1\stringtemplate-3.2.1.jar;C:\Users\Asus\.m2\repository\antlr\antlr\2.7.7\antlr-2.7.7.jar;C:\Users\Asus\.m2\repository\com\google\code\gson\gson\2.10.1\gson-2.10.1.jar;C:\Users\Asus\.m2\repository\com\netflix\servo\servo-core\0.5.3\servo-core-0.5.3.jar;C:\Users\Asus\.m2\repository\com\google\code\findbugs\annotations\2.0.0\annotations-2.0.0.jar;C:\Users\Asus\.m2\repository\org\apache\commons\commons-math\2.2\commons-math-2.2.jar;C:\Users\Asus\.m2\repository\javax\annotation\javax.annotation-api\1.2\javax.annotation-api-1.2.jar;C:\Users\Asus\.m2\repository\org\codehaus\jettison\jettison\1.5.4\jettison-1.5.4.jar;C:\Users\Asus\.m2\repository\com\netflix\eureka\eureka-core\2.0.4\eureka-core-2.0.4.jar;C:\Users\Asus\.m2\repository\com\fasterxml\woodstox\woodstox-core\6.4.0\woodstox-core-6.4.0.jar;C:\Users\Asus\.m2\repository\org\codehaus\woodstox\stax2-api\4.2.1\stax2-api-4.2.1.jar;C:\Users\Asus\.m2\repository\com\google\guava\guava\33.0.0-jre\guava-33.0.0-jre.jar;C:\Users\Asus\.m2\repository\com\google\guava\failureaccess\1.0.2\failureaccess-1.0.2.jar;C:\Users\Asus\.m2\repository\com\google\guava\listenablefuture\9999.0-empty-to-avoid-conflict-with-guava\listenablefuture-9999.0-empty-to-avoid-conflict-with-guava.jar;C:\Users\Asus\.m2\repository\com\google\errorprone\error_prone_annotations\2.23.0\error_prone_annotations-2.23.0.jar;C:\Users\Asus\.m2\repository\com\google\j2objc\j2objc-annotations\2.8\j2objc-annotations-2.8.jar;C:\Users\Asus\.m2\repository\org\springframework\cloud\spring-cloud-starter-loadbalancer\4.1.5\spring-cloud-starter-loadbalancer-4.1.5.jar;C:\Users\Asus\.m2\repository\org\springframework\cloud\spring-cloud-loadbalancer\4.1.5\spring-cloud-loadbalancer-4.1.5.jar;C:\Users\Asus\.m2\repository\io\projectreactor\addons\reactor-extra\3.5.1\reactor-extra-3.5.1.jar;C:\Users\Asus\.m2\repository\com\stoyanr\evictor\1.0.0\evictor-1.0.0.jar;C:\Users\Asus\.m2\repository\com\github\javafaker\javafaker\1.0.2\javafaker-1.0.2.jar;C:\Users\Asus\.m2\repository\org\apache\commons\commons-lang3\3.14.0\commons-lang3-3.14.0.jar;C:\Users\Asus\.m2\repository\org\yaml\snakeyaml\1.23\snakeyaml-1.23-android.jar;C:\Users\Asus\.m2\repository\com\github\mifmif\generex\1.0.2\generex-1.0.2.jar;C:\Users\Asus\.m2\repository\dk\brics\automaton\automaton\1.11-8\automaton-1.11-8.jar;C:\Users\Asus\.m2\repository\org\springframework\boot\spring-boot-starter-web\3.3.0\spring-boot-starter-web-3.3.0.jar;C:\Users\Asus\.m2\repository\org\springframework\boot\spring-boot-starter-json\3.3.0\spring-boot-starter-json-3.3.0.jar;C:\Users\Asus\.m2\repository\com\fasterxml\jackson\datatype\jackson-datatype-jdk8\2.17.1\jackson-datatype-jdk8-2.17.1.jar;C:\Users\Asus\.m2\repository\com\fasterxml\jackson\datatype\jackson-datatype-jsr310\2.17.1\jackson-datatype-jsr310-2.17.1.jar;C:\Users\Asus\.m2\repository\com\fasterxml\jackson\module\jackson-module-parameter-names\2.17.1\jackson-module-parameter-names-2.17.1.jar;C:\Users\Asus\.m2\repository\org\springframework\boot\spring-boot-starter-tomcat\3.3.0\spring-boot-starter-tomcat-3.3.0.jar;C:\Users\Asus\.m2\repository\org\apache\tomcat\embed\tomcat-embed-core\10.1.24\tomcat-embed-core-10.1.24.jar;C:\Users\Asus\.m2\repository\org\apache\tomcat\embed\tomcat-embed-el\10.1.24\tomcat-embed-el-10.1.24.jar;C:\Users\Asus\.m2\repository\org\apache\tomcat\embed\tomcat-embed-websocket\10.1.24\tomcat-embed-websocket-10.1.24.jar;C:\Users\Asus\.m2\repository\org\springframework\spring-web\6.1.8\spring-web-6.1.8.jar;C:\Users\Asus\.m2\repository\org\springframework\spring-webmvc\6.1.8\spring-webmvc-6.1.8.jar;C:\Users\Asus\.m2\repository\org\springframework\spring-expression\6.1.8\spring-expression-6.1.8.jar;C:\Users\Asus\.m2\repository\javax\xml\bind\jaxb-api\2.3.1\jaxb-api-2.3.1.jar;C:\Users\Asus\.m2\repository\javax\activation\javax.activation-api\1.2.0\javax.activation-api-1.2.0.jar;C:\Users\Asus\.m2\repository\org\glassfish\jaxb\jaxb-runtime\2.3.1\jaxb-runtime-2.3.1.jar;C:\Users\Asus\.m2\repository\org\glassfish\jaxb\txw2\4.0.5\txw2-4.0.5.jar;C:\Users\Asus\.m2\repository\com\sun\istack\istack-commons-runtime\4.1.2\istack-commons-runtime-4.1.2.jar;C:\Users\Asus\.m2\repository\org\jvnet\staxex\stax-ex\2.1.0\stax-ex-2.1.0.jar;C:\Users\Asus\.m2\repository\jakarta\activation\jakarta.activation-api\2.1.3\jakarta.activation-api-2.1.3.jar;C:\Users\Asus\.m2\repository\com\sun\xml\fastinfoset\FastInfoset\2.1.1\FastInfoset-2.1.1.jar;C:\Users\Asus\.m2\repository\org\springframework\cloud\spring-cloud-starter-openfeign\4.1.4\spring-cloud-starter-openfeign-4.1.4.jar;C:\Users\Asus\.m2\repository\org\springframework\cloud\spring-cloud-openfeign-core\4.1.4\spring-cloud-openfeign-core-4.1.4.jar;C:\Users\Asus\.m2\repository\io\github\openfeign\feign-form-spring\13.5\feign-form-spring-13.5.jar;C:\Users\Asus\.m2\repository\io\github\openfeign\feign-form\13.5\feign-form-13.5.jar;C:\Users\Asus\.m2\repository\commons-fileupload\commons-fileupload\1.5\commons-fileupload-1.5.jar;C:\Users\Asus\.m2\repository\commons-io\commons-io\2.11.0\commons-io-2.11.0.jar;C:\Users\Asus\.m2\repository\org\springframework\cloud\spring-cloud-commons\4.1.5\spring-cloud-commons-4.1.5.jar;C:\Users\Asus\.m2\repository\org\springframework\security\spring-security-crypto\6.3.0\spring-security-crypto-6.3.0.jar;C:\Users\Asus\.m2\repository\io\github\openfeign\feign-core\13.5\feign-core-13.5.jar;C:\Users\Asus\.m2\repository\io\github\openfeign\feign-slf4j\13.5\feign-slf4j-13.5.jar;C:\Users\Asus\.m2\repository\org\postgresql\postgresql\42.7.3\postgresql-42.7.3.jar;C:\Users\Asus\.m2\repository\org\checkerframework\checker-qual\3.42.0\checker-qual-3.42.0.jar;C:\Users\Asus\.m2\repository\org\projectlombok\lombok\1.18.32\lombok-1.18.32.jar;C:\Users\Asus\.m2\repository\jakarta\xml\bind\jakarta.xml.bind-api\4.0.2\jakarta.xml.bind-api-4.0.2.jar;C:\Users\Asus\.m2\repository\org\springframework\spring-core\6.1.8\spring-core-6.1.8.jar;C:\Users\Asus\.m2\repository\org\springframework\spring-jcl\6.1.8\spring-jcl-6.1.8.jar;C:\Users\Asus\.m2\repository\org\springframework\boot\spring-boot-starter-security\3.3.0\spring-boot-starter-security-3.3.0.jar;C:\Users\Asus\.m2\repository\org\springframework\spring-aop\6.1.8\spring-aop-6.1.8.jar;C:\Users\Asus\.m2\repository\org\springframework\security\spring-security-config\6.3.0\spring-security-config-6.3.0.jar;C:\Users\Asus\.m2\repository\org\springframework\security\spring-security-core\6.3.0\spring-security-core-6.3.0.jar;C:\Users\Asus\.m2\repository\org\springframework\security\spring-security-web\6.3.0\spring-security-web-6.3.0.jar;C:\Users\Asus\.m2\repository\io\jsonwebtoken\jjwt-api\0.11.5\jjwt-api-0.11.5.jar;C:\Users\Asus\.m2\repository\io\jsonwebtoken\jjwt-impl\0.11.5\jjwt-impl-0.11.5.jar;C:\Users\Asus\.m2\repository\io\jsonwebtoken\jjwt-jackson\0.11.5\jjwt-jackson-0.11.5.jar;C:\Users\Asus\.m2\repository\com\fasterxml\jackson\core\jackson-databind\2.18.1\jackson-databind-2.18.1.jar;C:\Users\Asus\.m2\repository\com\fasterxml\jackson\core\jackson-annotations\2.17.1\jackson-annotations-2.17.1.jar;C:\Users\Asus\.m2\repository\com\fasterxml\jackson\core\jackson-core\2.17.1\jackson-core-2.17.1.jar;C:\Users\Asus\.m2\repository\org\springframework\boot\spring-boot-starter-thymeleaf\3.4.1\spring-boot-starter-thymeleaf-3.4.1.jar;C:\Users\Asus\.m2\repository\org\thymeleaf\thymeleaf-spring6\3.1.2.RELEASE\thymeleaf-spring6-3.1.2.RELEASE.jar;C:\Users\Asus\.m2\repository\org\thymeleaf\thymeleaf\3.1.2.RELEASE\thymeleaf-3.1.2.RELEASE.jar;C:\Users\Asus\.m2\repository\org\attoparser\attoparser\2.0.7.RELEASE\attoparser-2.0.7.RELEASE.jar;C:\Users\Asus\.m2\repository\org\unbescape\unbescape\1.1.6.RELEASE\unbescape-1.1.6.RELEASE.jar;C:\Users\Asus\.m2\repository\org\springframework\kafka\spring-kafka\3.2.0\spring-kafka-3.2.0.jar;C:\Users\Asus\.m2\repository\org\springframework\spring-context\6.1.8\spring-context-6.1.8.jar;C:\Users\Asus\.m2\repository\org\springframework\spring-messaging\6.1.8\spring-messaging-6.1.8.jar;C:\Users\Asus\.m2\repository\org\springframework\spring-tx\6.1.8\spring-tx-6.1.8.jar;C:\Users\Asus\.m2\repository\org\springframework\retry\spring-retry\2.0.6\spring-retry-2.0.6.jar;C:\Users\Asus\.m2\repository\org\apache\kafka\kafka-clients\3.7.0\kafka-clients-3.7.0.jar;C:\Users\Asus\.m2\repository\com\github\luben\zstd-jni\1.5.5-6\zstd-jni-1.5.5-6.jar;C:\Users\Asus\.m2\repository\org\lz4\lz4-java\1.8.0\lz4-java-1.8.0.jar;C:\Users\Asus\.m2\repository\org\xerial\snappy\snappy-java\1.1.10.5\snappy-java-1.1.10.5.jar;C:\Users\Asus\.m2\repository\io\micrometer\micrometer-observation\1.13.0\micrometer-observation-1.13.0.jar;C:\Users\Asus\.m2\repository\io\micrometer\micrometer-commons\1.13.0\micrometer-commons-1.13.0.jar
Launcher Type: SUN_STANDARD

[Global flags]
     intx CICompilerCount                          = 4                                         {product} {ergonomic}
     uint ConcGCThreads                            = 3                                         {product} {ergonomic}
     uint G1ConcRefinementThreads                  = 10                                        {product} {ergonomic}
   size_t G1HeapRegionSize                         = 1048576                                   {product} {ergonomic}
    uintx GCDrainStackTargetSize                   = 64                                        {product} {ergonomic}
   size_t InitialHeapSize                          = 125829120                                 {product} {ergonomic}
   size_t MarkStackSize                            = 4194304                                   {product} {ergonomic}
   size_t MaxHeapSize                              = 1983905792                                {product} {ergonomic}
   size_t MaxNewSize                               = 1190133760                                {product} {ergonomic}
   size_t MinHeapDeltaBytes                        = 1048576                                   {product} {ergonomic}
   size_t MinHeapSize                              = 8388608                                   {product} {ergonomic}
    uintx NonNMethodCodeHeapSize                   = 5839372                                {pd product} {ergonomic}
    uintx NonProfiledCodeHeapSize                  = 122909434                              {pd product} {ergonomic}
    uintx ProfiledCodeHeapSize                     = 122909434                              {pd product} {ergonomic}
    uintx ReservedCodeCacheSize                    = 251658240                              {pd product} {ergonomic}
     bool SegmentedCodeCache                       = true                                      {product} {ergonomic}
   size_t SoftMaxHeapSize                          = 1983905792                             {manageable} {ergonomic}
     bool UseCompressedClassPointers               = true                           {product lp64_product} {ergonomic}
     bool UseCompressedOops                        = true                           {product lp64_product} {ergonomic}
     bool UseG1GC                                  = true                                      {product} {ergonomic}
     bool UseLargePagesIndividualAllocation        = false                                  {pd product} {ergonomic}

Logging:
Log output configuration:
 #0: stdout all=warning uptime,level,tags foldmultilines=false
 #1: stderr all=off uptime,level,tags foldmultilines=false

Environment Variables:
JAVA_HOME=C:\Program Files\Java\jdk-21
PATH=C:\Program Files\Java\GraalVM\bin;C:\Program Files\Microsoft\jdk-11.0.16.101-hotspot\bin;C:\Program Files (x86)\NVIDIA Corporation\PhysX\Common;C:\Windows\system32;C:\Windows;C:\Windows\System32\Wbem;C:\Windows\System32\WindowsPowerShell\v1.0\;C:\Windows\System32\OpenSSH\;C:\Program Files\dotnet\;C:\Users\Asus\AppData\Local\Programs\Python\Python310;C:\Users\Asus\AppData\Local\Programs\Python\Python310\Scripts;C:\Program Files (x86)\Windows Kits\10\Windows Performance Toolkit\;C:\Program Files\Docker\Docker\resources\bin;C:\Program Files (x86)\apache-maven-3.9.9\bin;C:\Program Files\Git\cmd;C:\Program Files\OpenSSL-Win64\bin;C:\Program Files (x86)\National Instruments\Shared\LabVIEW CLI;C:\Program Files\PuTTY\;C:\Program Files\WireGuard\;C:\Program Files\Java\jdk-23\bin;C:\Program Files\Java\jdk-21\bin;C:\Users\Asus\.dotnet\tools;C:\Windows\system32\config\systemprofile\.dotnet\tools;C:\Users\Asus\.dotnet\tools\.store\wix;C:\Program Files (x86)\wix;C:\Program Files\Common Files\Oracle\Java\javapath;C:\Program Files (x86)\Common Files\Oracle\Java\java8path;C:\Program Files (x86)\Common Files\Oracle\Java\javapath;C:\Program Files\Microsoft\jdk-11.0.16.101-hotspot\bin;C:\Program Files (x86)\NVIDIA Corporation\PhysX\Common;C:\ProgramData\Oracle\Java\javapath;C:\Windows\system32;C:\Windows;C:\Windows\System32\Wbem;C:\Windows\System32\WindowsPowerShell\v1.0\;C:\Windows\System32\OpenSSH\;C:\Program Files\dotnet\;C:\Users\Asus\AppData\Local\Programs\Python\Python310;C:\Users\Asus\AppData\Local\Programs\Python\Python310\Scripts;C:\Program Files (x86)\Windows Kits\10\Windows Performance Toolkit\;C:\Program Files\Docker\Docker\resources\bin;C:\Program Files (x86)\apache-maven-3.9.9\bin;C:\Program Files\Git\cmd;C:\Program Files\OpenSSL-Win64\bin;C:\Program Files (x86)\National Instruments\Shared\LabVIEW CLI;C:\Program Files\PuTTY\;C:\Program Files\WireGuard\;C:\Program Files\Java\jdk-23\bin;C:\Program Files\Java\jdk-21\bin;C:\Users\Asus\.dotnet\tools;C:\Users\Asus\;C:\Program Files (x86)\Jar2Exe Wizard\
USERNAME=Asus
OS=Windows_NT
PROCESSOR_IDENTIFIER=AMD64 Family 23 Model 104 Stepping 1, AuthenticAMD
TMP=C:\Users\Asus\AppData\Local\Temp
TEMP=C:\Users\Asus\AppData\Local\Temp




---------------  S Y S T E M  ---------------

OS:
 Windows 10 , 64 bit Build 19041 (10.0.19041.5438)
OS uptime: 3 days 3:14 hours
Hyper-V role detected

CPU: total 12 (initial active 12) (12 cores per cpu, 2 threads per core) family 23 model 104 stepping 1 microcode 0x0, cx8, cmov, fxsr, ht, mmx, 3dnowpref, sse, sse2, sse3, ssse3, sse4a, sse4.1, sse4.2, popcnt, lzcnt, tsc, tscinvbit, avx, avx2, aes, clmul, bmi1, bmi2, adx, sha, fma, vzeroupper, clflush, clflushopt, hv, rdtscp, rdpid, f16c

Memory: 4k page, system-wide physical 7563M (311M free)
TotalPageFile size 31115M (AvailPageFile size 4M)
current process WorkingSet (physical memory assigned to process): 366M, peak: 369M
current process commit charge ("private bytes"): 418M, peak: 420M

vm_info: OpenJDK 64-Bit Server VM (20.0.1+9-29) for windows-amd64 JRE (20.0.1+9-29), built on 2023-03-07T13:56:11Z by "mach5one" with MS VC++ 17.1 (VS2022)

END.
